2021-04-19 | 05:24:44.763 | pool-10-thread-1     |  INFO | CategoryPositionUpdateJob | end..MagentoSellingPriceAndCategoryPositionUpdateJob...for articleSet...2021-04-19T05:24:44.762
2021-04-19 | 05:24:44.777 | pool-10-thread-1     |  INFO | c.m.m.o.c.ProcessOrderJob | start..ProcessOrderJob...2021-04-19T05:24:44.776
2021-04-19 | 05:24:44.845 | pool-10-thread-1     |  INFO | c.m.m.o.c.ProcessOrderJob | end..ProcessOrderJob...2021-04-19T05:24:44.845
2021-04-19 | 05:24:44.846 | pool-10-thread-1     |  INFO | c.m.m.o.c.FetchOrderJob   | start..FetchOrderJob...2021-04-19T05:24:44.846
2021-04-19 | 05:24:46.950 | pool-10-thread-1     |  INFO | c.m.m.o.c.FetchOrderJob   | end..FetchOrderJob...2021-04-19T05:24:46.950
2021-04-19 | 05:24:46.950 | pool-10-thread-1     |  INFO | .m.a.c.CronDataExportJobs | start export jobs.....
2021-04-19 | 05:24:46.956 | pool-10-thread-1     |  INFO | .m.a.c.CronDataExportJobs | end export jobs.....
2021-04-19 | 05:24:46.956 | pool-10-thread-1     |  INFO | m.a.c.ArticleEndOfLifeJob | start..runArticleEndOfLifeJob...at..2021-04-19T05:24:46.956
2021-04-19 | 05:24:48.171 | pool-10-thread-1     |  INFO | m.a.c.ArticleEndOfLifeJob | end..runArticleEndOfLifeJob...at..2021-04-19T05:24:48.171
2021-04-19 | 05:27:10.333 | pool-10-thread-1     |  INFO | CategoryPositionUpdateJob | start..MagentoSellingPriceAndCategoryPositionUpdateJob...for article...2021-04-19T05:27:10.332
2021-04-19 | 05:47:38.531 | pool-10-thread-1     |  INFO | yTimeAndPreOrderUpdateJob | Job started to update Stock, Delivery Time and Preorder Information for all article and article Sets at --2021-04-19T05:47:38.531
2021-04-19 | 05:47:45.254 | pool-10-thread-1     |  INFO | yTimeAndPreOrderUpdateJob | Job ended to update Stock, Delivery Time and Preorder Information for all article and article Sets at---2021-04-19T05:47:45.254
2021-04-19 | 05:47:45.254 | pool-10-thread-1     |  INFO | yTimeAndPreOrderUpdateJob | Pushing Delivery time to Magento
2021-04-19 | 05:47:45.254 | pool-10-thread-1     |  INFO | entoDeliveryTimeUpdateJob | start..runMagentoDeliveryTimeUpdateForArticle...2021-04-19T05:47:45.254
2021-04-19 | 06:17:11.487 | pool-10-thread-1     |  INFO | entoDeliveryTimeUpdateJob | end..runMagentoDeliveryTimeUpdateForArticle...2021-04-19T06:17:11.486
2021-04-19 | 06:17:11.493 | pool-10-thread-1     |  INFO | entoDeliveryTimeUpdateJob | start..runMagentoDeliveryTimeUpdateForArticleSet...2021-04-19T06:17:11.493
2021-04-19 | 06:25:18.888 | pool-10-thread-1     |  INFO | entoDeliveryTimeUpdateJob | end..runMagentoDeliveryTimeUpdateForArticleSet...2021-04-19T06:25:18.888
2021-04-19 | 06:25:18.891 | pool-10-thread-1     |  INFO | yTimeAndPreOrderUpdateJob | Delivery time has been pushed to Magento at--2021-04-19T06:25:18.891
2021-04-19 | 06:25:18.891 | pool-10-thread-1     |  INFO | CategoryPositionUpdateJob | start..MagentoSellingPriceAndCategoryPositionUpdateJob...for article...2021-04-19T06:25:18.891
2021-04-19 | 06:46:36.071 | pool-10-thread-1     |  INFO | c.m.m.o.c.FetchOrderJob   | start..FetchOrderJob...2021-04-19T06:46:36.071
2021-04-19 | 06:46:37.936 | pool-10-thread-1     |  INFO | c.m.m.o.c.FetchOrderJob   | end..FetchOrderJob...2021-04-19T06:46:37.936
2021-04-19 | 06:46:37.936 | pool-10-thread-1     |  INFO | .m.a.c.CronDataExportJobs | start export jobs.....
2021-04-19 | 06:46:37.940 | pool-10-thread-1     |  INFO | .m.a.c.CronDataExportJobs | end export jobs.....
2021-04-19 | 06:46:37.940 | pool-10-thread-1     |  INFO | m.a.c.ArticleEndOfLifeJob | start..runArticleEndOfLifeJob...at..2021-04-19T06:46:37.940
2021-04-19 | 06:46:39.169 | pool-10-thread-1     |  INFO | m.a.c.ArticleEndOfLifeJob | end..runArticleEndOfLifeJob...at..2021-04-19T06:46:39.169
2021-04-19 | 06:46:39.169 | pool-10-thread-1     |  INFO | CategoryPositionUpdateJob | start..MagentoSellingPriceAndCategoryPositionUpdateJob...for articleSet...2021-04-19T06:46:39.169
2021-04-19 | 06:52:47.193 | pool-10-thread-1     |  INFO | CategoryPositionUpdateJob | end..MagentoSellingPriceAndCategoryPositionUpdateJob...for articleSet...2021-04-19T06:52:47.193
2021-04-19 | 06:52:47.196 | pool-10-thread-1     |  INFO | c.m.m.o.c.ProcessOrderJob | start..ProcessOrderJob...2021-04-19T06:52:47.196
2021-04-19 | 06:52:47.202 | pool-10-thread-1     |  INFO | c.m.m.o.c.ProcessOrderJob | end..ProcessOrderJob...2021-04-19T06:52:47.202
2021-04-19 | 07:00:00.005 | pool-10-thread-1     |  INFO | CategoryPositionUpdateJob | start..MagentoSellingPriceAndCategoryPositionUpdateJob...for articleSet...2021-04-19T07:00:00.005
2021-04-19 | 07:12:45.572 | pool-10-thread-1     |  INFO | CategoryPositionUpdateJob | end..MagentoSellingPriceAndCategoryPositionUpdateJob...for articleSet...2021-04-19T07:12:45.571
2021-04-19 | 07:12:45.575 | pool-10-thread-1     |  INFO | c.m.m.o.c.ProcessOrderJob | start..ProcessOrderJob...2021-04-19T07:12:45.575
2021-04-19 | 07:12:45.585 | pool-10-thread-1     |  INFO | c.m.m.o.c.ProcessOrderJob | end..ProcessOrderJob...2021-04-19T07:12:45.585
2021-04-19 | 07:12:45.586 | pool-10-thread-1     |  INFO | c.m.m.o.c.FetchOrderJob   | start..FetchOrderJob...2021-04-19T07:12:45.586
2021-04-19 | 07:12:47.407 | pool-10-thread-1     |  INFO | c.m.m.o.c.FetchOrderJob   | end..FetchOrderJob...2021-04-19T07:12:47.407
2021-04-19 | 07:12:47.408 | pool-10-thread-1     |  INFO | CategoryPositionUpdateJob | start..MagentoSellingPriceAndCategoryPositionUpdateJob...for article...2021-04-19T07:12:47.408
2021-04-19 | 07:33:53.951 | pool-10-thread-1     |  INFO | .m.a.c.CronDataExportJobs | start export jobs.....
2021-04-19 | 07:33:53.958 | pool-10-thread-1     |  INFO | .m.a.c.CronDataExportJobs | end export jobs.....
2021-04-19 | 07:33:53.959 | pool-10-thread-1     |  INFO | m.a.c.ArticleEndOfLifeJob | start..runArticleEndOfLifeJob...at..2021-04-19T07:33:53.959
2021-04-19 | 07:33:55.127 | pool-10-thread-1     |  INFO | m.a.c.ArticleEndOfLifeJob | end..runArticleEndOfLifeJob...at..2021-04-19T07:33:55.127
2021-04-19 | 07:33:55.127 | pool-10-thread-1     |  INFO | yTimeAndPreOrderUpdateJob | Job started to update Stock, Delivery Time and Preorder Information for all article and article Sets at --2021-04-19T07:33:55.127
2021-04-19 | 07:34:01.047 | pool-10-thread-1     |  INFO | yTimeAndPreOrderUpdateJob | Job ended to update Stock, Delivery Time and Preorder Information for all article and article Sets at---2021-04-19T07:34:01.047
2021-04-19 | 07:34:01.048 | pool-10-thread-1     |  INFO | yTimeAndPreOrderUpdateJob | Pushing Delivery time to Magento
2021-04-19 | 07:34:01.048 | pool-10-thread-1     |  INFO | entoDeliveryTimeUpdateJob | start..runMagentoDeliveryTimeUpdateForArticle...2021-04-19T07:34:01.048
2021-04-19 | 08:05:07.985 | pool-10-thread-1     |  INFO | entoDeliveryTimeUpdateJob | end..runMagentoDeliveryTimeUpdateForArticle...2021-04-19T08:05:07.985
2021-04-19 | 08:05:07.987 | pool-10-thread-1     |  INFO | entoDeliveryTimeUpdateJob | start..runMagentoDeliveryTimeUpdateForArticleSet...2021-04-19T08:05:07.987
2021-04-19 | 08:13:39.683 | pool-10-thread-1     |  INFO | entoDeliveryTimeUpdateJob | end..runMagentoDeliveryTimeUpdateForArticleSet...2021-04-19T08:13:39.683
2021-04-19 | 08:13:39.683 | pool-10-thread-1     |  INFO | yTimeAndPreOrderUpdateJob | Delivery time has been pushed to Magento at--2021-04-19T08:13:39.683
2021-04-19 | 08:13:39.683 | pool-10-thread-1     |  INFO | .m.a.c.CronDataExportJobs | start export jobs.....
2021-04-19 | 08:13:39.688 | pool-10-thread-1     |  INFO | .m.a.c.CronDataExportJobs | end export jobs.....
2021-04-19 | 08:13:39.689 | pool-10-thread-1     |  INFO | m.a.c.ArticleEndOfLifeJob | start..runArticleEndOfLifeJob...at..2021-04-19T08:13:39.689
2021-04-19 | 08:13:40.880 | pool-10-thread-1     |  INFO | m.a.c.ArticleEndOfLifeJob | end..runArticleEndOfLifeJob...at..2021-04-19T08:13:40.880
2021-04-19 | 08:13:40.881 | pool-10-thread-1     |  INFO | CategoryPositionUpdateJob | start..MagentoSellingPriceAndCategoryPositionUpdateJob...for article...2021-04-19T08:13:40.881
2021-04-19 | 08:35:54.509 | pool-10-thread-1     |  INFO | c.m.m.o.c.FetchOrderJob   | start..FetchOrderJob...2021-04-19T08:35:54.509
2021-04-19 | 08:35:56.283 | pool-10-thread-1     |  INFO | c.m.m.o.c.FetchOrderJob   | end..FetchOrderJob...2021-04-19T08:35:56.283
2021-04-19 | 08:35:56.284 | pool-10-thread-1     |  INFO | c.m.m.o.c.ProcessOrderJob | start..ProcessOrderJob...2021-04-19T08:35:56.284
2021-04-19 | 08:35:56.287 | pool-10-thread-1     |  INFO | c.m.m.o.c.ProcessOrderJob | end..ProcessOrderJob...2021-04-19T08:35:56.287
2021-04-19 | 08:35:56.287 | pool-10-thread-1     |  INFO | CategoryPositionUpdateJob | start..MagentoSellingPriceAndCategoryPositionUpdateJob...for articleSet...2021-04-19T08:35:56.287
2021-04-19 | 08:43:37.942 | pool-10-thread-1     |  INFO | CategoryPositionUpdateJob | end..MagentoSellingPriceAndCategoryPositionUpdateJob...for articleSet...2021-04-19T08:43:37.942
2021-04-19 | 09:00:00.008 | pool-10-thread-1     |  INFO | CategoryPositionUpdateJob | start..MagentoSellingPriceAndCategoryPositionUpdateJob...for articleSet...2021-04-19T09:00:00.007
2021-04-19 | 09:05:58.005 | pool-10-thread-1     |  INFO | CategoryPositionUpdateJob | end..MagentoSellingPriceAndCategoryPositionUpdateJob...for articleSet...2021-04-19T09:05:58.005
2021-04-19 | 09:05:58.005 | pool-10-thread-1     |  INFO | c.m.m.o.c.FetchOrderJob   | start..FetchOrderJob...2021-04-19T09:05:58.005
2021-04-19 | 09:05:59.690 | pool-10-thread-1     |  INFO | c.m.m.o.c.FetchOrderJob   | end..FetchOrderJob...2021-04-19T09:05:59.690
2021-04-19 | 09:05:59.691 | pool-10-thread-1     |  INFO | CategoryPositionUpdateJob | start..MagentoSellingPriceAndCategoryPositionUpdateJob...for article...2021-04-19T09:05:59.691
2021-04-19 | 09:36:26.773 | pool-10-thread-1     |  INFO | c.m.m.o.c.ProcessOrderJob | start..ProcessOrderJob...2021-04-19T09:36:26.773
2021-04-19 | 09:36:26.781 | pool-10-thread-1     |  INFO | c.m.m.o.c.ProcessOrderJob | end..ProcessOrderJob...2021-04-19T09:36:26.781
2021-04-19 | 09:36:26.781 | pool-10-thread-1     |  INFO | .m.a.c.CronDataExportJobs | start export jobs.....
2021-04-19 | 09:36:26.787 | pool-10-thread-1     |  INFO | .m.a.c.CronDataExportJobs | end export jobs.....
2021-04-19 | 09:36:26.787 | pool-10-thread-1     |  INFO | m.a.c.ArticleEndOfLifeJob | start..runArticleEndOfLifeJob...at..2021-04-19T09:36:26.787
2021-04-19 | 09:36:29.270 | pool-10-thread-1     |  INFO | m.a.c.ArticleEndOfLifeJob | end..runArticleEndOfLifeJob...at..2021-04-19T09:36:29.270
2021-04-19 | 09:36:29.270 | pool-10-thread-1     |  INFO | yTimeAndPreOrderUpdateJob | Job started to update Stock, Delivery Time and Preorder Information for all article and article Sets at --2021-04-19T09:36:29.270
2021-04-19 | 09:36:35.068 | pool-10-thread-1     |  INFO | yTimeAndPreOrderUpdateJob | Job ended to update Stock, Delivery Time and Preorder Information for all article and article Sets at---2021-04-19T09:36:35.068
2021-04-19 | 09:36:35.068 | pool-10-thread-1     |  INFO | yTimeAndPreOrderUpdateJob | Pushing Delivery time to Magento
2021-04-19 | 09:36:35.068 | pool-10-thread-1     |  INFO | entoDeliveryTimeUpdateJob | start..runMagentoDeliveryTimeUpdateForArticle...2021-04-19T09:36:35.068
2021-04-19 | 10:18:33.509 | pool-10-thread-1     |  INFO | entoDeliveryTimeUpdateJob | end..runMagentoDeliveryTimeUpdateForArticle...2021-04-19T10:18:33.509
2021-04-19 | 10:18:33.516 | pool-10-thread-1     |  INFO | entoDeliveryTimeUpdateJob | start..runMagentoDeliveryTimeUpdateForArticleSet...2021-04-19T10:18:33.516
2021-04-19 | 10:31:05.752 | pool-10-thread-1     |  INFO | entoDeliveryTimeUpdateJob | end..runMagentoDeliveryTimeUpdateForArticleSet...2021-04-19T10:31:05.752
2021-04-19 | 10:31:05.755 | pool-10-thread-1     |  INFO | yTimeAndPreOrderUpdateJob | Delivery time has been pushed to Magento at--2021-04-19T10:31:05.755
2021-04-19 | 10:31:05.755 | pool-10-thread-1     |  INFO | .m.a.c.CronDataExportJobs | start export jobs.....
2021-04-19 | 10:31:05.760 | pool-10-thread-1     |  INFO | .m.a.c.CronDataExportJobs | end export jobs.....
2021-04-19 | 10:31:05.761 | pool-10-thread-1     |  INFO | CategoryPositionUpdateJob | start..MagentoSellingPriceAndCategoryPositionUpdateJob...for article...2021-04-19T10:31:05.760
2021-04-19 | 11:06:17.609 | pool-10-thread-1     |  INFO | c.m.m.o.c.ProcessOrderJob | start..ProcessOrderJob...2021-04-19T11:06:17.609
2021-04-19 | 11:06:17.613 | pool-10-thread-1     |  INFO | c.m.m.o.c.ProcessOrderJob | end..ProcessOrderJob...2021-04-19T11:06:17.613
2021-04-19 | 11:06:17.613 | pool-10-thread-1     |  INFO | m.a.c.ArticleEndOfLifeJob | start..runArticleEndOfLifeJob...at..2021-04-19T11:06:17.613
2021-04-19 | 11:06:19.026 | pool-10-thread-1     |  INFO | m.a.c.ArticleEndOfLifeJob | end..runArticleEndOfLifeJob...at..2021-04-19T11:06:19.025
2021-04-19 | 11:06:19.026 | pool-10-thread-1     |  INFO | c.m.m.o.c.FetchOrderJob   | start..FetchOrderJob...2021-04-19T11:06:19.026
2021-04-19 | 11:06:21.385 | pool-10-thread-1     |  INFO | c.m.m.o.c.FetchOrderJob   | end..FetchOrderJob...2021-04-19T11:06:21.385
2021-04-19 | 11:06:21.385 | pool-10-thread-1     |  INFO | CategoryPositionUpdateJob | start..MagentoSellingPriceAndCategoryPositionUpdateJob...for articleSet...2021-04-19T11:06:21.385
2021-04-19 | 11:14:59.388 | pool-10-thread-1     |  INFO | CategoryPositionUpdateJob | end..MagentoSellingPriceAndCategoryPositionUpdateJob...for articleSet...2021-04-19T11:14:59.388
2021-04-19 | 11:14:59.391 | pool-10-thread-1     |  INFO | .a.c.ArticleMarkOrphanJob | end..runArticleMarkOrphanJob..2021-04-19T11:14:59.391
2021-04-19 | 11:14:59.972 | pool-10-thread-1     |  INFO | .a.c.ArticleMarkOrphanJob | end..runArticleMarkOrphanJob..2021-04-19T11:14:59.972
2021-04-19 | 11:14:59.972 | pool-10-thread-1     |  INFO | .a.c.UpdateMinMengeErpJob | start..runUpdateMinMengeErpJob...2021-04-19T11:14:59.972
2021-04-19 | 11:15:05.302 | pool-10-thread-1     |  INFO | .a.c.UpdateMinMengeErpJob | end..runUpdateMinMengeErpJob...2021-04-19T11:15:05.302
2021-04-19 | 11:15:05.305 | pool-10-thread-1     |  INFO | .a.c.UpdateTotalWeightJob | start..UpdateTotalWeightJob...2021-04-19T11:15:05.305
2021-04-19 | 11:15:09.675 | pool-10-thread-1     |  INFO | .a.c.UpdateTotalWeightJob | end..UpdateTotalWeightJob...2021-04-19T11:15:09.675
2021-04-19 | 11:15:09.675 | pool-10-thread-1     |  INFO | PAmazonSynchronizationJob | start..runArticleTEMPAmazonSynchonizationJob...
2021-04-19 | 11:15:57.670 | pool-10-thread-1     |  INFO | PAmazonSynchronizationJob | INVENTORY: FeedSubmissionId by CAOAmazonAbgleich: 83191018736
2021-04-19 | 11:15:57.678 | pool-10-thread-1     |  INFO | PAmazonSynchronizationJob | PRICE: FeedSubmissionId by CAOAmazonAbgleich: 83192018736
2021-04-19 | 11:15:57.678 | pool-10-thread-1     |  INFO | PAmazonSynchronizationJob | PRODUCT_IMAGE: FeedSubmissionId by CAOAmazonAbgleich: 83193018736
2021-04-19 | 11:15:57.678 | pool-10-thread-1     |  INFO | PAmazonSynchronizationJob | PRODUCT: FeedSubmissionId by CAOAmazonAbgleich: 83194018736
2021-04-19 | 11:16:05.963 | pool-10-thread-1     |  INFO | PAmazonSynchronizationJob | INVENTORY: FeedSubmissionId by CAOAmazonAbgleich: 83195018736
2021-04-19 | 11:16:05.963 | pool-10-thread-1     |  INFO | PAmazonSynchronizationJob | PRICE: FeedSubmissionId by CAOAmazonAbgleich: 83196018736
2021-04-19 | 11:16:05.963 | pool-10-thread-1     |  INFO | PAmazonSynchronizationJob | PRODUCT: FeedSubmissionId by CAOAmazonAbgleich: 83197018736
2021-04-19 | 11:16:05.965 | pool-10-thread-1     |  INFO | PAmazonSynchronizationJob | end..runArticleTEMPAmazonSynchonizationJob...
2021-04-19 | 11:16:05.966 | pool-10-thread-1     |  INFO | EMPEBaySynchronizationJob | start..runArticleTEMPEbaySynchronizationJob...
2021-04-19 | 11:27:12.044 | pool-10-thread-1     |  INFO | EMPEBaySynchronizationJob | end..runArticleTEMPEbaySynchronizationJob...
2021-04-19 | 11:27:12.045 | pool-10-thread-1     |  INFO | EMPEBaySynchronizationJob | start..runArticleSetTEMPEbaySynchronizationJob...
2021-04-19 | 11:29:53.936 | pool-10-thread-1     |  INFO | EMPEBaySynchronizationJob | end..runArticleSetTEMPEbaySynchronizationJob...
2021-04-19 | 11:29:53.943 | pool-10-thread-1     |  INFO | yTimeAndPreOrderUpdateJob | Job started to update Stock, Delivery Time and Preorder Information for all article and article Sets at --2021-04-19T11:29:53.942
2021-04-19 | 11:30:00.716 | pool-10-thread-1     |  INFO | yTimeAndPreOrderUpdateJob | Job ended to update Stock, Delivery Time and Preorder Information for all article and article Sets at---2021-04-19T11:30:00.716
2021-04-19 | 11:30:00.716 | pool-10-thread-1     |  INFO | yTimeAndPreOrderUpdateJob | Pushing Delivery time to Magento
2021-04-19 | 11:30:00.716 | pool-10-thread-1     |  INFO | entoDeliveryTimeUpdateJob | start..runMagentoDeliveryTimeUpdateForArticle...2021-04-19T11:30:00.716
2021-04-19 | 12:01:32.926 | pool-10-thread-1     |  INFO | entoDeliveryTimeUpdateJob | end..runMagentoDeliveryTimeUpdateForArticle...2021-04-19T12:01:32.925
2021-04-19 | 12:01:32.929 | pool-10-thread-1     |  INFO | entoDeliveryTimeUpdateJob | start..runMagentoDeliveryTimeUpdateForArticleSet...2021-04-19T12:01:32.929
2021-04-19 | 12:10:18.854 | pool-10-thread-1     |  INFO | entoDeliveryTimeUpdateJob | end..runMagentoDeliveryTimeUpdateForArticleSet...2021-04-19T12:10:18.854
2021-04-19 | 12:10:18.854 | pool-10-thread-1     |  INFO | yTimeAndPreOrderUpdateJob | Delivery time has been pushed to Magento at--2021-04-19T12:10:18.854
2021-04-19 | 12:10:18.861 | pool-10-thread-1     |  INFO | .m.a.c.CronDataExportJobs | start export jobs.....
2021-04-19 | 12:10:18.866 | pool-10-thread-1     |  INFO | .m.a.c.CronDataExportJobs | end export jobs.....
2021-04-19 | 12:10:18.866 | pool-10-thread-1     |  INFO | CategoryPositionUpdateJob | start..MagentoSellingPriceAndCategoryPositionUpdateJob...for articleSet...2021-04-19T12:10:18.866
2021-04-19 | 12:12:46.829 | pool-10-thread-1     |  INFO | CategoryPositionUpdateJob | end..MagentoSellingPriceAndCategoryPositionUpdateJob...for articleSet...2021-04-19T12:12:46.829
2021-04-19 | 12:12:46.829 | pool-10-thread-1     |  INFO | CategoryPositionUpdateJob | start..MagentoSellingPriceAndCategoryPositionUpdateJob...for article...2021-04-19T12:12:46.829
2021-04-19 | 12:12:46.838 | pool-10-thread-1     |  INFO | m.a.c.ArticleEndOfLifeJob | start..runArticleEndOfLifeJob...at..2021-04-19T12:12:46.838
2021-04-19 | 12:12:46.840 | pool-10-thread-1     |  INFO | c.m.m.o.c.FetchOrderJob   | start..FetchOrderJob...2021-04-19T12:12:46.840
2021-04-19 | 12:12:46.842 | pool-10-thread-1     |  INFO | c.m.m.o.c.ProcessOrderJob | start..ProcessOrderJob...2021-04-19T12:12:46.842
2021-04-19 | 12:12:46.854 | pool-10-thread-1     |  INFO | c.m.m.o.c.ProcessOrderJob | end..ProcessOrderJob...2021-04-19T12:12:46.854
2021-04-19 | 13:00:00.042 | pool-10-thread-1     |  INFO | CategoryPositionUpdateJob | start..MagentoSellingPriceAndCategoryPositionUpdateJob...for article...2021-04-19T13:00:00.041
2021-04-19 | 13:22:13.315 | pool-10-thread-1     |  INFO | c.m.m.o.c.ProcessOrderJob | start..ProcessOrderJob...2021-04-19T13:22:13.315
2021-04-19 | 13:22:13.321 | pool-10-thread-1     |  INFO | c.m.m.o.c.ProcessOrderJob | end..ProcessOrderJob...2021-04-19T13:22:13.321
2021-04-19 | 13:22:13.321 | pool-10-thread-1     |  INFO | CategoryPositionUpdateJob | start..MagentoSellingPriceAndCategoryPositionUpdateJob...for articleSet...2021-04-19T13:22:13.321
2021-04-19 | 13:28:19.942 | pool-10-thread-1     |  INFO | CategoryPositionUpdateJob | end..MagentoSellingPriceAndCategoryPositionUpdateJob...for articleSet...2021-04-19T13:28:19.941
2021-04-19 | 13:28:19.942 | pool-10-thread-1     |  INFO | c.m.m.o.c.FetchOrderJob   | start..FetchOrderJob...2021-04-19T13:28:19.942
2021-04-19 | 13:28:21.844 | pool-10-thread-1     |  INFO | c.m.m.o.c.FetchOrderJob   | end..FetchOrderJob...2021-04-19T13:28:21.844
2021-04-19 | 13:28:21.844 | pool-10-thread-1     |  INFO | m.a.c.ArticleEndOfLifeJob | start..runArticleEndOfLifeJob...at..2021-04-19T13:28:21.844
2021-04-19 | 13:28:23.001 | pool-10-thread-1     |  INFO | m.a.c.ArticleEndOfLifeJob | end..runArticleEndOfLifeJob...at..2021-04-19T13:28:23.001
2021-04-19 | 13:28:23.002 | pool-10-thread-1     |  INFO | yTimeAndPreOrderUpdateJob | Job started to update Stock, Delivery Time and Preorder Information for all article and article Sets at --2021-04-19T13:28:23.002
2021-04-19 | 13:28:28.747 | pool-10-thread-1     |  INFO | yTimeAndPreOrderUpdateJob | Job ended to update Stock, Delivery Time and Preorder Information for all article and article Sets at---2021-04-19T13:28:28.747
2021-04-19 | 13:28:28.753 | pool-10-thread-1     |  INFO | yTimeAndPreOrderUpdateJob | Pushing Delivery time to Magento
2021-04-19 | 13:28:28.754 | pool-10-thread-1     |  INFO | entoDeliveryTimeUpdateJob | start..runMagentoDeliveryTimeUpdateForArticle...2021-04-19T13:28:28.754
2021-04-19 | 13:59:24.104 | pool-10-thread-1     |  INFO | entoDeliveryTimeUpdateJob | end..runMagentoDeliveryTimeUpdateForArticle...2021-04-19T13:59:24.104
2021-04-19 | 13:59:24.110 | pool-10-thread-1     |  INFO | entoDeliveryTimeUpdateJob | start..runMagentoDeliveryTimeUpdateForArticleSet...2021-04-19T13:59:24.110
2021-04-19 | 14:09:30.894 | pool-10-thread-1     |  INFO | entoDeliveryTimeUpdateJob | end..runMagentoDeliveryTimeUpdateForArticleSet...2021-04-19T14:09:30.894
2021-04-19 | 14:09:30.899 | pool-10-thread-1     |  INFO | yTimeAndPreOrderUpdateJob | Delivery time has been pushed to Magento at--2021-04-19T14:09:30.899
2021-04-19 | 14:09:30.901 | pool-10-thread-1     |  INFO | .m.a.c.CronDataExportJobs | start export jobs.....
2021-04-19 | 14:09:30.907 | pool-10-thread-1     |  INFO | .m.a.c.CronDataExportJobs | end export jobs.....
2021-04-19 | 14:09:30.907 | pool-10-thread-1     |  INFO | CategoryPositionUpdateJob | start..MagentoSellingPriceAndCategoryPositionUpdateJob...for articleSet...2021-04-19T14:09:30.907
2021-04-19 | 14:17:09.780 | pool-10-thread-1     |  INFO | CategoryPositionUpdateJob | end..MagentoSellingPriceAndCategoryPositionUpdateJob...for articleSet...2021-04-19T14:17:09.780
2021-04-19 | 14:17:09.780 | pool-10-thread-1     |  INFO | c.m.m.o.c.FetchOrderJob   | start..FetchOrderJob...2021-04-19T14:17:09.780
2021-04-19 | 14:17:11.541 | pool-10-thread-1     |  INFO | c.m.m.o.c.FetchOrderJob   | end..FetchOrderJob...2021-04-19T14:17:11.541
2021-04-19 | 14:17:11.541 | pool-10-thread-1     |  INFO | m.a.c.ArticleEndOfLifeJob | start..runArticleEndOfLifeJob...at..2021-04-19T14:17:11.541
2021-04-19 | 14:17:12.739 | pool-10-thread-1     |  INFO | m.a.c.ArticleEndOfLifeJob | end..runArticleEndOfLifeJob...at..2021-04-19T14:17:12.739
2021-04-19 | 14:17:12.740 | pool-10-thread-1     |  INFO | CategoryPositionUpdateJob | start..MagentoSellingPriceAndCategoryPositionUpdateJob...for article...2021-04-19T14:17:12.740
2021-04-19 | 14:39:45.467 | pool-10-thread-1     |  INFO | c.m.m.o.c.ProcessOrderJob | start..ProcessOrderJob...2021-04-19T14:39:45.467
2021-04-19 | 14:39:45.478 | pool-10-thread-1     |  INFO | c.m.m.o.c.ProcessOrderJob | end..ProcessOrderJob...2021-04-19T14:39:45.477
2021-04-19 | 15:00:00.013 | pool-10-thread-1     |  INFO | c.m.m.o.c.ProcessOrderJob | start..ProcessOrderJob...2021-04-19T15:00:00.013
2021-04-19 | 15:00:00.023 | pool-10-thread-1     |  INFO | c.m.m.o.c.ProcessOrderJob | end..ProcessOrderJob...2021-04-19T15:00:00.023
2021-04-19 | 15:00:00.023 | pool-10-thread-1     |  INFO | CategoryPositionUpdateJob | start..MagentoSellingPriceAndCategoryPositionUpdateJob...for article...2021-04-19T15:00:00.023
2021-04-19 | 15:23:27.149 | pool-10-thread-1     |  INFO | m.a.c.ArticleEndOfLifeJob | start..runArticleEndOfLifeJob...at..2021-04-19T15:23:27.149
2021-04-19 | 15:23:28.514 | pool-10-thread-1     |  INFO | m.a.c.ArticleEndOfLifeJob | end..runArticleEndOfLifeJob...at..2021-04-19T15:23:28.514
2021-04-19 | 15:23:28.514 | pool-10-thread-1     |  INFO | c.m.m.o.c.FetchOrderJob   | start..FetchOrderJob...2021-04-19T15:23:28.514
2021-04-19 | 15:23:30.097 | pool-10-thread-1     |  INFO | c.m.m.o.c.FetchOrderJob   | end..FetchOrderJob...2021-04-19T15:23:30.097
2021-04-19 | 15:23:30.097 | pool-10-thread-1     |  INFO | CategoryPositionUpdateJob | start..MagentoSellingPriceAndCategoryPositionUpdateJob...for articleSet...2021-04-19T15:23:30.097
2021-04-19 | 15:30:00.249 | pool-10-thread-1     |  INFO | CategoryPositionUpdateJob | end..MagentoSellingPriceAndCategoryPositionUpdateJob...for articleSet...2021-04-19T15:30:00.249
2021-04-19 | 15:30:00.249 | pool-10-thread-1     |  INFO | yTimeAndPreOrderUpdateJob | Job started to update Stock, Delivery Time and Preorder Information for all article and article Sets at --2021-04-19T15:30:00.249
2021-04-19 | 15:30:05.921 | pool-10-thread-1     |  INFO | yTimeAndPreOrderUpdateJob | Job ended to update Stock, Delivery Time and Preorder Information for all article and article Sets at---2021-04-19T15:30:05.921
2021-04-19 | 15:30:05.921 | pool-10-thread-1     |  INFO | yTimeAndPreOrderUpdateJob | Pushing Delivery time to Magento
2021-04-19 | 15:30:05.921 | pool-10-thread-1     |  INFO | entoDeliveryTimeUpdateJob | start..runMagentoDeliveryTimeUpdateForArticle...2021-04-19T15:30:05.921
2021-04-19 | 16:04:08.672 | pool-10-thread-1     |  INFO | entoDeliveryTimeUpdateJob | end..runMagentoDeliveryTimeUpdateForArticle...2021-04-19T16:04:08.672
2021-04-19 | 16:04:08.673 | pool-10-thread-1     |  INFO | entoDeliveryTimeUpdateJob | start..runMagentoDeliveryTimeUpdateForArticleSet...2021-04-19T16:04:08.673
2021-04-19 | 16:15:02.183 | pool-10-thread-1     |  INFO | entoDeliveryTimeUpdateJob | end..runMagentoDeliveryTimeUpdateForArticleSet...2021-04-19T16:15:02.183
2021-04-19 | 16:15:02.193 | pool-10-thread-1     |  INFO | yTimeAndPreOrderUpdateJob | Delivery time has been pushed to Magento at--2021-04-19T16:15:02.193
2021-04-19 | 16:15:02.193 | pool-10-thread-1     |  INFO | .m.a.c.CronDataExportJobs | start export jobs.....
2021-04-19 | 16:15:02.200 | pool-10-thread-1     |  INFO | .m.a.c.CronDataExportJobs | end export jobs.....
2021-04-19 | 16:15:02.200 | pool-10-thread-1     |  INFO | CategoryPositionUpdateJob | start..MagentoSellingPriceAndCategoryPositionUpdateJob...for articleSet...2021-04-19T16:15:02.200
2021-04-19 | 16:23:01.784 | pool-10-thread-1     |  INFO | CategoryPositionUpdateJob | end..MagentoSellingPriceAndCategoryPositionUpdateJob...for articleSet...2021-04-19T16:23:01.784
2021-04-19 | 16:23:01.788 | pool-10-thread-1     |  INFO | CategoryPositionUpdateJob | start..MagentoSellingPriceAndCategoryPositionUpdateJob...for article...2021-04-19T16:23:01.788
2021-04-19 | 16:30:09.220 | pool-10-thread-1     |  INFO | c.m.m.o.c.FetchOrderJob   | start..FetchOrderJob...2021-04-19T16:30:09.220
2021-04-19 | 16:30:25.338 | pool-10-thread-1     |  INFO | m.a.c.ArticleEndOfLifeJob | start..runArticleEndOfLifeJob...at..2021-04-19T16:30:25.338
2021-04-19 | 16:30:41.430 | pool-10-thread-1     |  INFO | c.m.m.o.c.ProcessOrderJob | start..ProcessOrderJob...2021-04-19T16:30:41.430
2021-04-19 | 16:30:41.438 | pool-10-thread-1     |  INFO | c.m.m.o.c.ProcessOrderJob | end..ProcessOrderJob...2021-04-19T16:30:41.438
2021-04-19 | 17:00:00.018 | pool-10-thread-1     |  INFO | m.a.c.ArticleEndOfLifeJob | start..runArticleEndOfLifeJob...at..2021-04-19T17:00:00.018
2021-04-19 | 17:00:01.376 | pool-10-thread-1     |  INFO | m.a.c.ArticleEndOfLifeJob | end..runArticleEndOfLifeJob...at..2021-04-19T17:00:01.376
2021-04-19 | 17:00:01.376 | pool-10-thread-1     |  INFO | c.m.m.o.c.ProcessOrderJob | start..ProcessOrderJob...2021-04-19T17:00:01.376
2021-04-19 | 17:00:01.377 | pool-10-thread-1     |  INFO | c.m.m.o.c.ProcessOrderJob | end..ProcessOrderJob...2021-04-19T17:00:01.377
2021-04-19 | 17:00:01.377 | pool-10-thread-1     |  INFO | CategoryPositionUpdateJob | start..MagentoSellingPriceAndCategoryPositionUpdateJob...for article...2021-04-19T17:00:01.377
2021-04-19 | 17:30:23.686 | pool-10-thread-1     |  INFO | c.m.m.o.c.FetchOrderJob   | start..FetchOrderJob...2021-04-19T17:30:23.686
2021-04-19 | 17:30:26.876 | pool-10-thread-1     |  INFO | c.m.m.o.c.FetchOrderJob   | end..FetchOrderJob...2021-04-19T17:30:26.876
2021-04-19 | 17:30:26.876 | pool-10-thread-1     |  INFO | CategoryPositionUpdateJob | start..MagentoSellingPriceAndCategoryPositionUpdateJob...for articleSet...2021-04-19T17:30:26.876
2021-04-19 | 17:38:42.373 | pool-10-thread-1     |  INFO | CategoryPositionUpdateJob | end..MagentoSellingPriceAndCategoryPositionUpdateJob...for articleSet...2021-04-19T17:38:42.373
2021-04-19 | 17:38:42.373 | pool-10-thread-1     |  INFO | .m.a.c.CronDataExportJobs | start export jobs.....
2021-04-19 | 17:38:42.379 | pool-10-thread-1     |  INFO | .m.a.c.CronDataExportJobs | end export jobs.....
2021-04-19 | 17:38:42.379 | pool-10-thread-1     |  INFO | yTimeAndPreOrderUpdateJob | Job started to update Stock, Delivery Time and Preorder Information for all article and article Sets at --2021-04-19T17:38:42.379
2021-04-19 | 17:38:48.595 | pool-10-thread-1     |  INFO | yTimeAndPreOrderUpdateJob | Job ended to update Stock, Delivery Time and Preorder Information for all article and article Sets at---2021-04-19T17:38:48.595
2021-04-19 | 17:38:48.595 | pool-10-thread-1     |  INFO | yTimeAndPreOrderUpdateJob | Pushing Delivery time to Magento
2021-04-19 | 17:38:48.595 | pool-10-thread-1     |  INFO | entoDeliveryTimeUpdateJob | start..runMagentoDeliveryTimeUpdateForArticle...2021-04-19T17:38:48.595
2021-04-19 | 18:21:09.955 | pool-10-thread-1     |  INFO | entoDeliveryTimeUpdateJob | end..runMagentoDeliveryTimeUpdateForArticle...2021-04-19T18:21:09.955
2021-04-19 | 18:21:09.961 | pool-10-thread-1     |  INFO | entoDeliveryTimeUpdateJob | start..runMagentoDeliveryTimeUpdateForArticleSet...2021-04-19T18:21:09.961
2021-04-19 | 18:31:56.179 | pool-10-thread-1     |  INFO | entoDeliveryTimeUpdateJob | end..runMagentoDeliveryTimeUpdateForArticleSet...2021-04-19T18:31:56.179
2021-04-19 | 18:31:56.185 | pool-10-thread-1     |  INFO | yTimeAndPreOrderUpdateJob | Delivery time has been pushed to Magento at--2021-04-19T18:31:56.185
2021-04-19 | 18:31:56.185 | pool-10-thread-1     |  INFO | .m.a.c.CronDataExportJobs | start export jobs.....
2021-04-19 | 18:31:56.191 | pool-10-thread-1     |  INFO | .m.a.c.CronDataExportJobs | end export jobs.....
2021-04-19 | 18:31:56.191 | pool-10-thread-1     |  INFO | CategoryPositionUpdateJob | start..MagentoSellingPriceAndCategoryPositionUpdateJob...for articleSet...2021-04-19T18:31:56.191
2021-04-19 | 18:39:24.207 | pool-10-thread-1     |  INFO | CategoryPositionUpdateJob | end..MagentoSellingPriceAndCategoryPositionUpdateJob...for articleSet...2021-04-19T18:39:24.207
2021-04-19 | 18:39:24.207 | pool-10-thread-1     |  INFO | c.m.m.o.c.FetchOrderJob   | start..FetchOrderJob...2021-04-19T18:39:24.207
2021-04-19 | 18:39:26.199 | pool-10-thread-1     |  INFO | c.m.m.o.c.FetchOrderJob   | end..FetchOrderJob...2021-04-19T18:39:26.199
2021-04-19 | 18:39:26.199 | pool-10-thread-1     |  INFO | CategoryPositionUpdateJob | start..MagentoSellingPriceAndCategoryPositionUpdateJob...for article...2021-04-19T18:39:26.199
2021-04-19 | 19:10:06.509 | pool-10-thread-1     |  INFO | c.m.m.o.c.ProcessOrderJob | start..ProcessOrderJob...2021-04-19T19:10:06.509
2021-04-19 | 19:10:06.527 | pool-10-thread-1     |  INFO | c.m.m.o.c.ProcessOrderJob | end..ProcessOrderJob...2021-04-19T19:10:06.527
2021-04-19 | 19:10:06.529 | pool-10-thread-1     |  INFO | m.a.c.ArticleEndOfLifeJob | start..runArticleEndOfLifeJob...at..2021-04-19T19:10:06.529
2021-04-19 | 19:10:08.231 | pool-10-thread-1     |  INFO | m.a.c.ArticleEndOfLifeJob | end..runArticleEndOfLifeJob...at..2021-04-19T19:10:08.231
2021-04-19 | 19:10:08.238 | pool-10-thread-1     |  INFO | c.m.m.o.c.FetchOrderJob   | start..FetchOrderJob...2021-04-19T19:10:08.238
2021-04-19 | 19:10:11.052 | pool-10-thread-1     |  INFO | c.m.m.o.c.FetchOrderJob   | end..FetchOrderJob...2021-04-19T19:10:11.052
2021-04-19 | 19:10:11.052 | pool-10-thread-1     |  INFO | CategoryPositionUpdateJob | start..MagentoSellingPriceAndCategoryPositionUpdateJob...for articleSet...2021-04-19T19:10:11.052
2021-04-19 | 19:13:09.013 | restartedMain        |  INFO | c.m.MaxxsoftApplication   | Starting MaxxsoftApplication on Mahingas-MacBook-Pro.local with PID 65151 (/Users/mahingasingh/Documents/Repositories/MSBitbucket/ms_backend/maxxsoft/bin/main started by mahingasingh in /Users/mahingasingh/Documents/Repositories/MSBitbucket/ms_backend/maxxsoft)
2021-04-19 | 19:13:09.014 | restartedMain        |  INFO | c.m.MaxxsoftApplication   | The following profiles are active: mahinga
2021-04-19 | 19:22:55.460 | restartedMain        |  INFO | c.m.MaxxsoftApplication   | Starting MaxxsoftApplication on Mahingas-MacBook-Pro.local with PID 83583 (/Users/mahingasingh/Documents/Repositories/MSBitbucket/ms_backend/maxxsoft/bin/main started by mahingasingh in /Users/mahingasingh/Documents/Repositories/MSBitbucket/ms_backend/maxxsoft)
2021-04-19 | 19:22:55.462 | restartedMain        |  INFO | c.m.MaxxsoftApplication   | The following profiles are active: mahinga
2021-04-19 | 19:23:19.513 | restartedMain        |  INFO | .m.c.s.StateMachineConfig | testing
2021-04-19 | 19:23:27.954 | restartedMain        |  INFO | c.m.MaxxsoftApplication   | Started MaxxsoftApplication in 33.39 seconds (JVM running for 34.164)
2021-04-19 | 19:29:30.242 | restartedMain        |  INFO | c.m.MaxxsoftApplication   | Starting MaxxsoftApplication on Mahingas-MacBook-Pro.local with PID 83723 (/Users/mahingasingh/Documents/Repositories/MSBitbucket/ms_backend/maxxsoft/bin/main started by mahingasingh in /Users/mahingasingh/Documents/Repositories/MSBitbucket/ms_backend/maxxsoft)
2021-04-19 | 19:29:30.243 | restartedMain        |  INFO | c.m.MaxxsoftApplication   | The following profiles are active: mahinga
2021-04-19 | 19:29:54.004 | restartedMain        |  INFO | .m.c.s.StateMachineConfig | testing
2021-04-19 | 19:30:01.229 | restartedMain        |  INFO | c.m.MaxxsoftApplication   | Started MaxxsoftApplication in 31.946 seconds (JVM running for 32.722)
2021-04-19 | 19:35:28.667 | http-nio-9999-exec-1 |  WARN | s.JwtAuthenticationFilter | couldn't find bearer string, will ignore the header
2021-04-19 | 19:36:26.247 | http-nio-9999-exec-3 |  INFO | s.JwtAuthenticationFilter | authenticated user system, setting security context
2021-04-19 | 20:00:00.013 | pool-3-thread-1      |  INFO | m.a.c.ArticleEndOfLifeJob | start..runArticleEndOfLifeJob...at..2021-04-19T20:00:00.013
2021-04-19 | 20:00:02.589 | pool-3-thread-1      |  INFO | m.a.c.ArticleEndOfLifeJob | end..runArticleEndOfLifeJob...at..2021-04-19T20:00:02.589
2021-04-19 | 20:00:02.589 | pool-3-thread-1      |  INFO | yTimeAndPreOrderUpdateJob | Job started to update Stock, Delivery Time and Preorder Information for all article and article Sets at --2021-04-19T20:00:02.589
2021-04-19 | 20:00:15.062 | pool-3-thread-1      |  INFO | yTimeAndPreOrderUpdateJob | Job ended to update Stock, Delivery Time and Preorder Information for all article and article Sets at---2021-04-19T20:00:15.062
2021-04-19 | 20:00:15.063 | pool-3-thread-1      |  INFO | yTimeAndPreOrderUpdateJob | Pushing Delivery time to Magento
2021-04-19 | 20:00:15.063 | pool-3-thread-1      |  INFO | entoDeliveryTimeUpdateJob | start..runMagentoDeliveryTimeUpdateForArticle...2021-04-19T20:00:15.063
