#
# A fatal error has been detected by the Java Runtime Environment:
#
#  SIGSEGV (0xb) at pc=0x0000000109eab5a2, pid=30339, tid=0x0000000000003d07
#
# JRE version: Java(TM) SE Runtime Environment (8.0_101-b13) (build 1.8.0_101-b13)
# Java VM: Java HotSpot(TM) 64-Bit Server VM (25.101-b13 mixed mode bsd-amd64 compressed oops)
# Problematic frame:
# V  [libjvm.dylib+0x44c5a2]  Method::checked_resolve_jmethod_id(_jmethodID*)+0x1c
#
# Failed to write core dump. Core dumps have been disabled. To enable core dumping, try "ulimit -c unlimited" before starting Java again
#
# If you would like to submit a bug report, please visit:
#   http://bugreport.java.com/bugreport/crash.jsp
#

---------------  T H R E A D  ---------------

Current thread (0x00007f8821019000):  JavaThread "JDWP Transport Listener: dt_socket" daemon [_thread_in_vm, id=15623, stack(0x000070000f365000,0x000070000f465000)]

siginfo: si_signo: 11 (SIGSEGV), si_code: 0 (unknown), si_addr: 0x0000000000000000

Registers:
RAX=0x0000000000000001, RBX=0xbe0f028be5894855, RCX=0x000000010a27e360, RDX=0x000070000f464aab
RSP=0x000070000f4649f0, RBP=0x000070000f464a00, RSI=0x00007f8821019000, RDI=0x0000000107cae8a4
R8 =0x0000000000000000, R9 =0x00007f882a74c890, R10=0x0000000000000001, R11=0x0000000000000001
R12=0x00007f8821019000, R13=0x0000000107cae8a4, R14=0x0000000107cae8a4, R15=0x00007f881fb00000
RIP=0x0000000109eab5a2, EFLAGS=0x0000000000010296, ERR=0x0000000000000000
  TRAPNO=0x000000000000000d

Top of Stack: (sp=0x000070000f4649f0)
0x000070000f4649f0:   000070000f464aab 000070000f464aab
0x000070000f464a00:   000070000f464a60 0000000109db70d2
0x000070000f464a10:   00007f8821019000 0000000000000000
0x000070000f464a20:   0000000000000000 0000000000000000
0x000070000f464a30:   00007f8821019000 00007f8821019000
0x000070000f464a40:   000070000f464aab 000070000f464ab0
0x000070000f464a50:   0000000107cae8a4 0000000000000015
0x000070000f464a60:   000070000f464a80 0000000107cb5780
0x000070000f464a70:   0000000000000001 000070000f464b28
0x000070000f464a80:   000070000f464af0 0000000107c9a1f3
0x000070000f464a90:   000070000f464ac0 00007f882a74d200
0x000070000f464aa0:   0000001600000032 f000100a01464b28
0x000070000f464ab0:   0000000000000000 0000000000000000
0x000070000f464ac0:   0000000000000000 000070000f464cb0
0x000070000f464ad0:   0000000107cbce7a 00007f882a74b6e0
0x000070000f464ae0:   000070000f464b28 0000000107cc8598
0x000070000f464af0:   000070000f464b00 0000000107c9a2ec
0x000070000f464b00:   000070000f464d20 0000000107ca3898
0x000070000f464b10:   00003a5700000013 00000000000f0200
0x000070000f464b20:   00007f882a74d830 00007f8828815815
0x000070000f464b30:   000000000000074b 00007f882a74ce00
0x000070000f464b40:   000000000000012c 000070000f464b78
0x000070000f464b50:   00007f882a74bce0 00007f0000000000
0x000070000f464b60:   00003a57000000b8 00007f8800005980
0x000070000f464b70:   000070000f464b78 887f000016000000
0x000070000f464b80:   0600000068de662a 00003e74696e693c
0x000070000f464b90:   0000005629280300 7f00000100000000
0x000070000f464ba0:   00000060c2742a88 747241646e69660f
0x000070000f464bb0:   64497942656c6369 616a4c2826000000
0x000070000f464bc0:   2f676e616c2f6176 6a4c293b676e6f4c
0x000070000f464bd0:   6c6974752f617661 616e6f6974704f2f
0x000070000f464be0:   4c28610000003b6c 6e616c2f6176616a 

Instructions: (pc=0x0000000109eab5a2)
0x0000000109eab582:   31 c0 5d c3 55 48 89 e5 53 48 83 ec 08 48 85 ff
0x0000000109eab592:   74 24 48 8b 1f 48 85 db 74 1c 48 83 fb 37 74 16
0x0000000109eab5a2:   48 8b 03 48 89 df ff 50 10 84 c0 b8 00 00 00 00
0x0000000109eab5b2:   48 0f 45 c3 eb 02 31 c0 48 83 c4 08 5b 5d c3 90 

Register to memory mapping:

RAX=0x0000000000000001 is an unknown value
RBX=0xbe0f028be5894855 is an unknown value
RCX=0x000000010a27e360: UseMembar+0 in /Library/Java/JavaVirtualMachines/jdk1.8.0_101.jdk/Contents/Home/jre/lib/server/libjvm.dylib at 0x0000000109a5f000
RDX=0x000070000f464aab is pointing into the stack for thread: 0x00007f8821019000
RSP=0x000070000f4649f0 is pointing into the stack for thread: 0x00007f8821019000
RBP=0x000070000f464a00 is pointing into the stack for thread: 0x00007f8821019000
RSI=0x00007f8821019000 is a thread
RDI=0x0000000107cae8a4: genericHandler+0 in /Library/Java/JavaVirtualMachines/jdk1.8.0_101.jdk/Contents/Home/jre/lib/libjdwp.dylib at 0x0000000107c95000
R8 =0x0000000000000000 is an unknown value
R9 =0x00007f882a74c890 is an unknown value
R10=0x0000000000000001 is an unknown value
R11=0x0000000000000001 is an unknown value
R12=0x00007f8821019000 is a thread
R13=0x0000000107cae8a4: genericHandler+0 in /Library/Java/JavaVirtualMachines/jdk1.8.0_101.jdk/Contents/Home/jre/lib/libjdwp.dylib at 0x0000000107c95000
R14=0x0000000107cae8a4: genericHandler+0 in /Library/Java/JavaVirtualMachines/jdk1.8.0_101.jdk/Contents/Home/jre/lib/libjdwp.dylib at 0x0000000107c95000
R15=0x00007f881fb00000 is an unknown value


Stack: [0x000070000f365000,0x000070000f465000],  sp=0x000070000f4649f0,  free space=1022k
Native frames: (J=compiled Java code, j=interpreted, Vv=VM code, C=native code)
V  [libjvm.dylib+0x44c5a2]  Method::checked_resolve_jmethod_id(_jmethodID*)+0x1c
V  [libjvm.dylib+0x3580d2]  jvmti_IsMethodSynthetic+0xb2
C  [libjdwp.dylib+0x20780]  isMethodSynthetic+0x63
C  [libjdwp.dylib+0x51f3]  methods1+0x10b
C  [libjdwp.dylib+0x52ec]  methodsWithGeneric+0xe
C  [libjdwp.dylib+0xe898]  debugLoop_run+0x1ce
C  [libjdwp.dylib+0x1f6ba]  attachThread+0x4d
V  [libjvm.dylib+0x399438]  JvmtiAgentThread::call_start_function()+0x38
V  [libjvm.dylib+0x5695ab]  JavaThread::thread_main_inner()+0x9b
V  [libjvm.dylib+0x56ac98]  JavaThread::run()+0x1c2
V  [libjvm.dylib+0x48933a]  java_start(Thread*)+0xf6
C  [libsystem_pthread.dylib+0x333d]  _pthread_body+0x7e
C  [libsystem_pthread.dylib+0x62a7]  _pthread_start+0x46
C  [libsystem_pthread.dylib+0x2425]  thread_start+0xd
C  0x0000000000000000


---------------  P R O C E S S  ---------------

Java Threads: ( => current thread )
  0x00007f882ab53800 JavaThread "http-nio-9999-Acceptor" daemon [_thread_in_native, id=30723, stack(0x00007000121ef000,0x00007000122ef000)]
  0x00007f8825754800 JavaThread "http-nio-9999-ClientPoller" daemon [_thread_in_native, id=41799, stack(0x00007000120ec000,0x00007000121ec000)]
  0x00007f8827b6b000 JavaThread "http-nio-9999-exec-10" daemon [_thread_blocked, id=39223, stack(0x0000700011fe9000,0x00007000120e9000)]
  0x00007f88256e2800 JavaThread "http-nio-9999-exec-9" daemon [_thread_blocked, id=25399, stack(0x0000700011ee6000,0x0000700011fe6000)]
  0x00007f882c25c800 JavaThread "http-nio-9999-exec-8" daemon [_thread_blocked, id=24627, stack(0x0000700011de3000,0x0000700011ee3000)]
  0x00007f8827842000 JavaThread "http-nio-9999-exec-7" daemon [_thread_blocked, id=23611, stack(0x0000700011ce0000,0x0000700011de0000)]
  0x00007f8825f20800 JavaThread "http-nio-9999-exec-6" daemon [_thread_blocked, id=33579, stack(0x0000700011bdd000,0x0000700011cdd000)]
  0x00007f882ab55800 JavaThread "http-nio-9999-exec-5" daemon [_thread_blocked, id=35635, stack(0x0000700011ada000,0x0000700011bda000)]
  0x00007f882880f000 JavaThread "http-nio-9999-exec-4" daemon [_thread_blocked, id=42299, stack(0x00007000119d7000,0x0000700011ad7000)]
  0x00007f882b4d4800 JavaThread "http-nio-9999-exec-3" daemon [_thread_blocked, id=24839, stack(0x00007000118d4000,0x00007000119d4000)]
  0x00007f8829754000 JavaThread "http-nio-9999-exec-2" daemon [_thread_blocked, id=37691, stack(0x00007000117d1000,0x00007000118d1000)]
  0x00007f882517b800 JavaThread "http-nio-9999-exec-1" daemon [_thread_blocked, id=41283, stack(0x00007000116ce000,0x00007000117ce000)]
  0x00007f882526b000 JavaThread "http-nio-9999-BlockPoller" daemon [_thread_in_native, id=29203, stack(0x00007000115cb000,0x00007000116cb000)]
  0x00007f8825147000 JavaThread "pool-26-thread-1" [_thread_blocked, id=26183, stack(0x00007000114c8000,0x00007000115c8000)]
  0x00007f882ca41000 JavaThread "File Watcher" daemon [_thread_blocked, id=42547, stack(0x00007000108a4000,0x00007000109a4000)]
  0x00007f882ac70000 JavaThread "container-0" [_thread_blocked, id=23095, stack(0x00007000107a1000,0x00007000108a1000)]
  0x00007f882532f800 JavaThread "Catalina-utility-2" [_thread_blocked, id=23347, stack(0x000070001059b000,0x000070001069b000)]
  0x00007f882b4d4000 JavaThread "Catalina-utility-1" [_thread_blocked, id=34343, stack(0x0000700010498000,0x0000700010598000)]
  0x00007f8826192000 JavaThread "HikariPool-26 housekeeper" daemon [_thread_blocked, id=35119, stack(0x0000700010292000,0x0000700010392000)]
  0x00007f882d528000 JavaThread "HikariPool-25 housekeeper" daemon [_thread_blocked, id=36171, stack(0x000070000ff89000,0x0000700010089000)]
  0x00007f882d561800 JavaThread "pool-24-thread-1" [_thread_blocked, id=33827, stack(0x00007000113c5000,0x00007000114c5000)]
  0x00007f882d505000 JavaThread "pool-22-thread-1" [_thread_blocked, id=32787, stack(0x00007000112c2000,0x00007000113c2000)]
  0x00007f882d501800 JavaThread "pool-20-thread-1" [_thread_blocked, id=27947, stack(0x00007000111bf000,0x00007000112bf000)]
  0x00007f8828b31800 JavaThread "pool-18-thread-1" [_thread_blocked, id=25635, stack(0x00007000110bc000,0x00007000111bc000)]
  0x00007f88291e9800 JavaThread "pool-16-thread-1" [_thread_blocked, id=41503, stack(0x0000700010fb9000,0x00007000110b9000)]
  0x00007f88255d3800 JavaThread "pool-14-thread-1" [_thread_blocked, id=40735, stack(0x0000700010eb6000,0x0000700010fb6000)]
  0x00007f882d6ea000 JavaThread "pool-12-thread-1" [_thread_blocked, id=24099, stack(0x0000700010db3000,0x0000700010eb3000)]
  0x00007f882ccf1800 JavaThread "pool-10-thread-1" [_thread_blocked, id=26395, stack(0x0000700010cb0000,0x0000700010db0000)]
  0x00007f8828e5c800 JavaThread "pool-8-thread-1" [_thread_blocked, id=40463, stack(0x0000700010bad000,0x0000700010cad000)]
  0x00007f8828ca1800 JavaThread "pool-6-thread-1" [_thread_blocked, id=27147, stack(0x0000700010aaa000,0x0000700010baa000)]
  0x00007f882b7a2800 JavaThread "pool-4-thread-1" [_thread_blocked, id=38407, stack(0x00007000109a7000,0x0000700010aa7000)]
  0x00007f882c0e8000 JavaThread "DestroyJavaVM" [_thread_blocked, id=6403, stack(0x000070000e63e000,0x000070000e73e000)]
  0x00007f88202f9800 JavaThread "pool-2-thread-1" [_thread_blocked, id=39939, stack(0x000070001069e000,0x000070001079e000)]
  0x00007f882097c800 JavaThread "Live Reload Server" daemon [_thread_in_native, id=23819, stack(0x000070001008c000,0x000070001018c000)]
  0x00007f88206b7000 JavaThread "mysql-cj-abandoned-connection-cleanup" daemon [_thread_blocked, id=3847, stack(0x000070000fe86000,0x000070000ff86000)]
  0x00007f8820846000 JavaThread "Service Thread" daemon [_thread_blocked, id=22275, stack(0x000070000fa7a000,0x000070000fb7a000)]
  0x00007f881e800800 JavaThread "C1 CompilerThread3" daemon [_thread_blocked, id=21763, stack(0x000070000f977000,0x000070000fa77000)]
  0x00007f881f00b000 JavaThread "C2 CompilerThread2" daemon [_thread_blocked, id=17155, stack(0x000070000f874000,0x000070000f974000)]
  0x00007f881e80e800 JavaThread "C2 CompilerThread1" daemon [_thread_blocked, id=16387, stack(0x000070000f771000,0x000070000f871000)]
  0x00007f881f00c000 JavaThread "C2 CompilerThread0" daemon [_thread_blocked, id=16131, stack(0x000070000f66e000,0x000070000f76e000)]
  0x00007f882181a000 JavaThread "JDWP Command Reader" daemon [_thread_in_native, id=15875, stack(0x000070000f56b000,0x000070000f66b000)]
  0x00007f881f00d000 JavaThread "JDWP Event Helper Thread" daemon [_thread_blocked, id=18179, stack(0x000070000f468000,0x000070000f568000)]
=>0x00007f8821019000 JavaThread "JDWP Transport Listener: dt_socket" daemon [_thread_in_vm, id=15623, stack(0x000070000f365000,0x000070000f465000)]
  0x00007f881e043800 JavaThread "Signal Dispatcher" daemon [_thread_blocked, id=15363, stack(0x000070000f262000,0x000070000f362000)]
  0x00007f8821817000 JavaThread "Finalizer" daemon [_thread_blocked, id=13059, stack(0x000070000f15f000,0x000070000f25f000)]
  0x00007f8821816000 JavaThread "Reference Handler" daemon [_thread_blocked, id=12803, stack(0x000070000f05c000,0x000070000f15c000)]

Other Threads:
  0x00007f8821811800 VMThread [stack: 0x000070000ef59000,0x000070000f059000] [id=19715]
  0x00007f8820845000 WatcherThread [stack: 0x000070000fb7d000,0x000070000fc7d000] [id=43267]

VM state:not at safepoint (normal execution)

VM Mutex/Monitor currently owned by a thread: None

Heap:
 PSYoungGen      total 1012736K, used 944288K [0x000000076ab00000, 0x00000007aae00000, 0x00000007c0000000)
  eden space 973824K, 96% used [0x000000076ab00000,0x00000007a45283b8,0x00000007a6200000)
  from space 38912K, 0% used [0x00000007a8800000,0x00000007a8800000,0x00000007aae00000)
  to   space 38912K, 0% used [0x00000007a6200000,0x00000007a6200000,0x00000007a8800000)
 ParOldGen       total 198144K, used 184020K [0x00000006c0000000, 0x00000006cc180000, 0x000000076ab00000)
  object space 198144K, 92% used [0x00000006c0000000,0x00000006cb3b5178,0x00000006cc180000)
 Metaspace       used 111486K, capacity 118110K, committed 118292K, reserved 1153024K
  class space    used 13287K, capacity 14558K, committed 14652K, reserved 1048576K

Card table byte_map: [0x00000001199fc000,0x000000011a1fd000] byte_map_base: 0x00000001163fc000

Marking Bits: (ParMarkBitMap*) 0x000000010a34cd20
 Begin Bits: [0x000000011a1fd000, 0x000000011e1fd000)
 End Bits:   [0x000000011e1fd000, 0x00000001221fd000)

Polling page: 0x0000000107c94000

CodeCache: size=245760Kb used=68127Kb max_used=68139Kb free=177632Kb
 bounds [0x000000010a9fc000, 0x000000010ecfc000, 0x00000001199fc000]
 total_blobs=17515 nmethods=16908 adapters=526
 compilation: enabled

Compilation events (10 events):
Event: 1909.275 Thread 0x00007f881e800800 22287       1       org.apache.coyote.AsyncStateMachine$AsyncState::isAsync (5 bytes)
Event: 1909.275 Thread 0x00007f881e800800 nmethod 22287 0x000000010af42a90 code [0x000000010af42be0, 0x000000010af42cf0]
Event: 1909.290 Thread 0x00007f881e800800 22288       3       sun.nio.ch.KQueueArrayWrapper::getDescriptor (59 bytes)
Event: 1909.290 Thread 0x00007f881e800800 nmethod 22288 0x000000010b700710 code [0x000000010b700880, 0x000000010b700c30]
Event: 1933.032 Thread 0x00007f881f00b000 22289       4       java.util.concurrent.locks.AbstractQueuedSynchronizer$ConditionObject::addConditionWaiter (64 bytes)
Event: 1933.034 Thread 0x00007f881f00b000 nmethod 22289 0x000000010b1e3c10 code [0x000000010b1e3d60, 0x000000010b1e3ee8]
Event: 1933.236 Thread 0x00007f881e80e800 22290       4       java.util.concurrent.locks.AbstractQueuedSynchronizer::enq (58 bytes)
Event: 1933.239 Thread 0x00007f881e80e800 nmethod 22290 0x000000010ecec390 code [0x000000010ecec500, 0x000000010ecec728]
Event: 1983.014 Thread 0x00007f881f00b000 22291   !   4       java.util.concurrent.locks.AbstractQueuedSynchronizer::fullyRelease (54 bytes)
Event: 1983.018 Thread 0x00007f881f00b000 nmethod 22291 0x000000010ecec890 code [0x000000010ececa00, 0x000000010ececce8]

GC Heap History (10 events):
Event: 1683.062 GC heap before
{Heap before GC invocations=41 (full 13):
 PSYoungGen      total 1013760K, used 13679K [0x000000076ab00000, 0x00000007ab100000, 0x00000007c0000000)
  eden space 973824K, 0% used [0x000000076ab00000,0x000000076ab00000,0x00000007a6200000)
  from space 39936K, 34% used [0x00000007a8a00000,0x00000007a975bf18,0x00000007ab100000)
  to   space 40448K, 0% used [0x00000007a6200000,0x00000007a6200000,0x00000007a8980000)
 ParOldGen       total 198144K, used 151240K [0x00000006c0000000, 0x00000006cc180000, 0x000000076ab00000)
  object space 198144K, 76% used [0x00000006c0000000,0x00000006c93b22d0,0x00000006cc180000)
 Metaspace       used 105755K, capacity 112228K, committed 112404K, reserved 1146880K
  class space    used 12897K, capacity 14081K, committed 14140K, reserved 1048576K
Event: 1683.963 GC heap after
Heap after GC invocations=41 (full 13):
 PSYoungGen      total 1013760K, used 0K [0x000000076ab00000, 0x00000007ab100000, 0x00000007c0000000)
  eden space 973824K, 0% used [0x000000076ab00000,0x000000076ab00000,0x00000007a6200000)
  from space 39936K, 0% used [0x00000007a8a00000,0x00000007a8a00000,0x00000007ab100000)
  to   space 40448K, 0% used [0x00000007a6200000,0x00000007a6200000,0x00000007a8980000)
 ParOldGen       total 198144K, used 151968K [0x00000006c0000000, 0x00000006cc180000, 0x000000076ab00000)
  object space 198144K, 76% used [0x00000006c0000000,0x00000006c9468090,0x00000006cc180000)
 Metaspace       used 105717K, capacity 112168K, committed 112404K, reserved 1146880K
  class space    used 12892K, capacity 14071K, committed 14140K, reserved 1048576K
}
Event: 1696.474 GC heap before
{Heap before GC invocations=42 (full 13):
 PSYoungGen      total 1013760K, used 791996K [0x000000076ab00000, 0x00000007ab100000, 0x00000007c0000000)
  eden space 973824K, 81% used [0x000000076ab00000,0x000000079b06f2c0,0x00000007a6200000)
  from space 39936K, 0% used [0x00000007a8a00000,0x00000007a8a00000,0x00000007ab100000)
  to   space 40448K, 0% used [0x00000007a6200000,0x00000007a6200000,0x00000007a8980000)
 ParOldGen       total 198144K, used 151968K [0x00000006c0000000, 0x00000006cc180000, 0x000000076ab00000)
  object space 198144K, 76% used [0x00000006c0000000,0x00000006c9468090,0x00000006cc180000)
 Metaspace       used 107368K, capacity 113890K, committed 114068K, reserved 1148928K
  class space    used 13008K, capacity 14223K, committed 14268K, reserved 1048576K
Event: 1696.502 GC heap after
Heap after GC invocations=42 (full 13):
 PSYoungGen      total 996864K, used 22827K [0x000000076ab00000, 0x00000007aae00000, 0x00000007c0000000)
  eden space 973824K, 0% used [0x000000076ab00000,0x000000076ab00000,0x00000007a6200000)
  from space 23040K, 99% used [0x00000007a6200000,0x00000007a784af18,0x00000007a7880000)
  to   space 38912K, 0% used [0x00000007a8800000,0x00000007a8800000,0x00000007aae00000)
 ParOldGen       total 198144K, used 151976K [0x00000006c0000000, 0x00000006cc180000, 0x000000076ab00000)
  object space 198144K, 76% used [0x00000006c0000000,0x00000006c946a090,0x00000006cc180000)
 Metaspace       used 107368K, capacity 113890K, committed 114068K, reserved 1148928K
  class space    used 13008K, capacity 14223K, committed 14268K, reserved 1048576K
}
Event: 1696.502 GC heap before
{Heap before GC invocations=43 (full 14):
 PSYoungGen      total 996864K, used 22827K [0x000000076ab00000, 0x00000007aae00000, 0x00000007c0000000)
  eden space 973824K, 0% used [0x000000076ab00000,0x000000076ab00000,0x00000007a6200000)
  from space 23040K, 99% used [0x00000007a6200000,0x00000007a784af18,0x00000007a7880000)
  to   space 38912K, 0% used [0x00000007a8800000,0x00000007a8800000,0x00000007aae00000)
 ParOldGen       total 198144K, used 151976K [0x00000006c0000000, 0x00000006cc180000, 0x000000076ab00000)
  object space 198144K, 76% used [0x00000006c0000000,0x00000006c946a090,0x00000006cc180000)
 Metaspace       used 107368K, capacity 113890K, committed 114068K, reserved 1148928K
  class space    used 13008K, capacity 14223K, committed 14268K, reserved 1048576K
Event: 1697.157 GC heap after
Heap after GC invocations=43 (full 14):
 PSYoungGen      total 996864K, used 0K [0x000000076ab00000, 0x00000007aae00000, 0x00000007c0000000)
  eden space 973824K, 0% used [0x000000076ab00000,0x000000076ab00000,0x00000007a6200000)
  from space 23040K, 0% used [0x00000007a6200000,0x00000007a6200000,0x00000007a7880000)
  to   space 38912K, 0% used [0x00000007a8800000,0x00000007a8800000,0x00000007aae00000)
 ParOldGen       total 198144K, used 172002K [0x00000006c0000000, 0x00000006cc180000, 0x000000076ab00000)
  object space 198144K, 86% used [0x00000006c0000000,0x00000006ca7f8ad0,0x00000006cc180000)
 Metaspace       used 107330K, capacity 113830K, committed 114068K, reserved 1148928K
  class space    used 13003K, capacity 14213K, committed 14268K, reserved 1048576K
}
Event: 1799.853 GC heap before
{Heap before GC invocations=44 (full 14):
 PSYoungGen      total 996864K, used 865424K [0x000000076ab00000, 0x00000007aae00000, 0x00000007c0000000)
  eden space 973824K, 88% used [0x000000076ab00000,0x000000079f824208,0x00000007a6200000)
  from space 23040K, 0% used [0x00000007a6200000,0x00000007a6200000,0x00000007a7880000)
  to   space 38912K, 0% used [0x00000007a8800000,0x00000007a8800000,0x00000007aae00000)
 ParOldGen       total 198144K, used 172002K [0x00000006c0000000, 0x00000006cc180000, 0x000000076ab00000)
  object space 198144K, 86% used [0x00000006c0000000,0x00000006ca7f8ad0,0x00000006cc180000)
 Metaspace       used 109533K, capacity 116052K, committed 116244K, reserved 1150976K
  class space    used 13154K, capacity 14377K, committed 14396K, reserved 1048576K
Event: 1799.876 GC heap after
Heap after GC invocations=44 (full 14):
 PSYoungGen      total 1012736K, used 25249K [0x000000076ab00000, 0x00000007aae00000, 0x00000007c0000000)
  eden space 973824K, 0% used [0x000000076ab00000,0x000000076ab00000,0x00000007a6200000)
  from space 38912K, 64% used [0x00000007a8800000,0x00000007aa0a85c0,0x00000007aae00000)
  to   space 38912K, 0% used [0x00000007a6200000,0x00000007a6200000,0x00000007a8800000)
 ParOldGen       total 198144K, used 172010K [0x00000006c0000000, 0x00000006cc180000, 0x000000076ab00000)
  object space 198144K, 86% used [0x00000006c0000000,0x00000006ca7faad0,0x00000006cc180000)
 Metaspace       used 109533K, capacity 116052K, committed 116244K, reserved 1150976K
  class space    used 13154K, capacity 14377K, committed 14396K, reserved 1048576K
}
Event: 1799.876 GC heap before
{Heap before GC invocations=45 (full 15):
 PSYoungGen      total 1012736K, used 25249K [0x000000076ab00000, 0x00000007aae00000, 0x00000007c0000000)
  eden space 973824K, 0% used [0x000000076ab00000,0x000000076ab00000,0x00000007a6200000)
  from space 38912K, 64% used [0x00000007a8800000,0x00000007aa0a85c0,0x00000007aae00000)
  to   space 38912K, 0% used [0x00000007a6200000,0x00000007a6200000,0x00000007a8800000)
 ParOldGen       total 198144K, used 172010K [0x00000006c0000000, 0x00000006cc180000, 0x000000076ab00000)
  object space 198144K, 86% used [0x00000006c0000000,0x00000006ca7faad0,0x00000006cc180000)
 Metaspace       used 109533K, capacity 116052K, committed 116244K, reserved 1150976K
  class space    used 13154K, capacity 14377K, committed 14396K, reserved 1048576K
Event: 1800.744 GC heap after
Heap after GC invocations=45 (full 15):
 PSYoungGen      total 1012736K, used 0K [0x000000076ab00000, 0x00000007aae00000, 0x00000007c0000000)
  eden space 973824K, 0% used [0x000000076ab00000,0x000000076ab00000,0x00000007a6200000)
  from space 38912K, 0% used [0x00000007a8800000,0x00000007a8800000,0x00000007aae00000)
  to   space 38912K, 0% used [0x00000007a6200000,0x00000007a6200000,0x00000007a8800000)
 ParOldGen       total 198144K, used 184020K [0x00000006c0000000, 0x00000006cc180000, 0x000000076ab00000)
  object space 198144K, 92% used [0x00000006c0000000,0x00000006cb3b5178,0x00000006cc180000)
 Metaspace       used 109495K, capacity 115992K, committed 116244K, reserved 1150976K
  class space    used 13148K, capacity 14367K, committed 14396K, reserved 1048576K
}

Deoptimization events (10 events):
Event: 1909.260 Thread 0x00007f882517b800 Uncommon trap: reason=unhandled action=none pc=0x000000010ae591ac method=java.net.URLClassLoader.findClass(Ljava/lang/String;)Ljava/lang/Class; @ 44
Event: 1909.260 Thread 0x00007f882517b800 Uncommon trap: reason=unhandled action=none pc=0x000000010b2e2918 method=java.net.URLClassLoader.findClass(Ljava/lang/String;)Ljava/lang/Class; @ 44
Event: 1909.260 Thread 0x00007f882517b800 Uncommon trap: reason=unhandled action=none pc=0x000000010b2e2918 method=java.net.URLClassLoader.findClass(Ljava/lang/String;)Ljava/lang/Class; @ 44
Event: 1909.260 Thread 0x00007f882517b800 Uncommon trap: reason=unhandled action=none pc=0x000000010ae591ac method=java.net.URLClassLoader.findClass(Ljava/lang/String;)Ljava/lang/Class; @ 44
Event: 1909.260 Thread 0x00007f882517b800 Uncommon trap: reason=unhandled action=none pc=0x000000010b2e2918 method=java.net.URLClassLoader.findClass(Ljava/lang/String;)Ljava/lang/Class; @ 44
Event: 1909.261 Thread 0x00007f882517b800 Uncommon trap: reason=unhandled action=none pc=0x000000010b2e2918 method=java.net.URLClassLoader.findClass(Ljava/lang/String;)Ljava/lang/Class; @ 44
Event: 1909.261 Thread 0x00007f882517b800 Uncommon trap: reason=unhandled action=none pc=0x000000010ae591ac method=java.net.URLClassLoader.findClass(Ljava/lang/String;)Ljava/lang/Class; @ 44
Event: 1909.261 Thread 0x00007f882517b800 Uncommon trap: reason=unhandled action=none pc=0x000000010b2e2918 method=java.net.URLClassLoader.findClass(Ljava/lang/String;)Ljava/lang/Class; @ 44
Event: 1909.261 Thread 0x00007f882517b800 Uncommon trap: reason=unhandled action=none pc=0x000000010b2e2918 method=java.net.URLClassLoader.findClass(Ljava/lang/String;)Ljava/lang/Class; @ 44
Event: 1909.264 Thread 0x00007f882517b800 Uncommon trap: reason=range_check action=none pc=0x000000010d6f8be8 method=sun.reflect.generics.parser.SignatureParser.current()C @ 34

Internal exceptions (10 events):
Event: 1909.213 Thread 0x00007f882517b800 Exception <a 'java/lang/ClassNotFoundException': com/maxxsoft/common/model/AuditModelCustomizer> (0x000000079ebd2118) thrown at [/HUDSON3/workspace/8-2-build-macosx-x86_64/jdk8u101/7261/hotspot/src/share/vm/classfile/systemDictionary.cpp, line 210]
Event: 1909.215 Thread 0x00007f882517b800 Exception <a 'java/lang/ClassNotFoundException': com/maxxsoft/microServices/articleService/model/ArticleSetCustomizer> (0x000000079ec033d0) thrown at [/HUDSON3/workspace/8-2-build-macosx-x86_64/jdk8u101/7261/hotspot/src/share/vm/classfile/systemDictionary
Event: 1909.231 Thread 0x00007f882517b800 Exception <a 'java/lang/ArrayIndexOutOfBoundsException': 15> (0x000000079ed9e0b0) thrown at [/HUDSON3/workspace/8-2-build-macosx-x86_64/jdk8u101/7261/hotspot/src/share/vm/interpreter/interpreterRuntime.cpp, line 366]
Event: 1909.239 Thread 0x00007f882517b800 Exception <a 'java/lang/ClassNotFoundException': java/lang/ObjectCustomizer> (0x000000079eef19b0) thrown at [/HUDSON3/workspace/8-2-build-macosx-x86_64/jdk8u101/7261/hotspot/src/share/vm/classfile/systemDictionary.cpp, line 210]
Event: 1909.241 Thread 0x00007f882517b800 Exception <a 'java/lang/ClassNotFoundException': com/maxxsoft/erpMicroServices/erpArticleService/model/ArtikelCustomizer> (0x000000079ef22638) thrown at [/HUDSON3/workspace/8-2-build-macosx-x86_64/jdk8u101/7261/hotspot/src/share/vm/classfile/systemDiction
Event: 1909.247 Thread 0x00007f882517b800 Exception <a 'java/lang/ArrayIndexOutOfBoundsException': 15> (0x000000079f0c0340) thrown at [/HUDSON3/workspace/8-2-build-macosx-x86_64/jdk8u101/7261/hotspot/src/share/vm/interpreter/interpreterRuntime.cpp, line 366]
Event: 1909.254 Thread 0x00007f882517b800 Exception <a 'java/lang/ArrayIndexOutOfBoundsException': 105> (0x000000079f138f30) thrown at [/HUDSON3/workspace/8-2-build-macosx-x86_64/jdk8u101/7261/hotspot/src/share/vm/interpreter/interpreterRuntime.cpp, line 366]
Event: 1909.260 Thread 0x00007f882517b800 Exception <a 'java/lang/ClassNotFoundException': java/lang/ObjectCustomizer> (0x000000079f180260) thrown at [/HUDSON3/workspace/8-2-build-macosx-x86_64/jdk8u101/7261/hotspot/src/share/vm/classfile/systemDictionary.cpp, line 210]
Event: 1909.262 Thread 0x00007f882517b800 Exception <a 'java/lang/ClassNotFoundException': com/maxxsoft/erpMicroServices/erpArticleService/model/ArtikelStuecklistCustomizer> (0x000000079f1b4b50) thrown at [/HUDSON3/workspace/8-2-build-macosx-x86_64/jdk8u101/7261/hotspot/src/share/vm/classfile/sys
Event: 1909.264 Thread 0x00007f882517b800 Exception <a 'java/lang/ArrayIndexOutOfBoundsException': 55> (0x000000079f1d7a60) thrown at [/HUDSON3/workspace/8-2-build-macosx-x86_64/jdk8u101/7261/hotspot/src/share/vm/interpreter/interpreterRuntime.cpp, line 366]

Events (10 events):
Event: 1909.290 Executing VM operation: RevokeBias
Event: 1909.290 Executing VM operation: RevokeBias done
Event: 1909.290 Executing VM operation: RevokeBias
Event: 1909.290 Executing VM operation: RevokeBias done
Event: 1909.291 Executing VM operation: RevokeBias
Event: 1909.291 Executing VM operation: RevokeBias done
Event: 1909.291 Executing VM operation: RevokeBias
Event: 1909.291 Executing VM operation: RevokeBias done
Event: 2062.805 Executing VM operation: RedefineClasses
Event: 2064.110 Executing VM operation: RedefineClasses done


Dynamic libraries:
0x000000000fc95000 	/System/Library/Frameworks/Cocoa.framework/Versions/A/Cocoa
0x000000000fc95000 	/System/Library/Frameworks/Security.framework/Versions/A/Security
0x000000000fc95000 	/System/Library/Frameworks/ApplicationServices.framework/Versions/A/ApplicationServices
0x000000000fc95000 	/usr/lib/libz.1.dylib
0x000000000fc95000 	/usr/lib/libSystem.B.dylib
0x000000000fc95000 	/usr/lib/libobjc.A.dylib
0x000000000fc95000 	/System/Library/Frameworks/CoreFoundation.framework/Versions/A/CoreFoundation
0x000000000fc95000 	/System/Library/Frameworks/Foundation.framework/Versions/C/Foundation
0x000000000fc95000 	/System/Library/Frameworks/AppKit.framework/Versions/C/AppKit
0x000000000fc95000 	/System/Library/Frameworks/CoreData.framework/Versions/A/CoreData
0x000000000fc95000 	/System/Library/PrivateFrameworks/RemoteViewServices.framework/Versions/A/RemoteViewServices
0x000000000fc95000 	/System/Library/PrivateFrameworks/UIFoundation.framework/Versions/A/UIFoundation
0x000000000fc95000 	/System/Library/PrivateFrameworks/XCTTargetBootstrap.framework/Versions/A/XCTTargetBootstrap
0x000000000fc95000 	/System/Library/PrivateFrameworks/IconServices.framework/Versions/A/IconServices
0x000000000fc95000 	/System/Library/Frameworks/Metal.framework/Versions/A/Metal
0x000000000fc95000 	/System/Library/PrivateFrameworks/DesktopServicesPriv.framework/Versions/A/DesktopServicesPriv
0x000000000fc95000 	/usr/lib/libenergytrace.dylib
0x000000000fc95000 	/System/Library/PrivateFrameworks/SkyLight.framework/Versions/A/SkyLight
0x000000000fc95000 	/System/Library/Frameworks/CoreGraphics.framework/Versions/A/CoreGraphics
0x000000000fc95000 	/System/Library/Frameworks/Accelerate.framework/Versions/A/Accelerate
0x000000000fc95000 	/System/Library/Frameworks/IOSurface.framework/Versions/A/IOSurface
0x000000000fc95000 	/System/Library/PrivateFrameworks/DFRFoundation.framework/Versions/A/DFRFoundation
0x000000000fc95000 	/System/Library/Frameworks/AudioToolbox.framework/Versions/A/AudioToolbox
0x000000000fc95000 	/System/Library/Frameworks/AudioUnit.framework/Versions/A/AudioUnit
0x000000000fc95000 	/System/Library/PrivateFrameworks/DataDetectorsCore.framework/Versions/A/DataDetectorsCore
0x000000000fc95000 	/System/Library/Frameworks/Carbon.framework/Versions/A/Frameworks/HIToolbox.framework/Versions/A/HIToolbox
0x000000000fc95000 	/usr/lib/libicucore.A.dylib
0x000000000fc95000 	/System/Library/Frameworks/QuartzCore.framework/Versions/A/QuartzCore
0x000000000fc95000 	/System/Library/Frameworks/Carbon.framework/Versions/A/Frameworks/SpeechRecognition.framework/Versions/A/SpeechRecognition
0x000000000fc95000 	/usr/lib/libauto.dylib
0x000000000fc95000 	/usr/lib/libxml2.2.dylib
0x000000000fc95000 	/System/Library/PrivateFrameworks/CoreUI.framework/Versions/A/CoreUI
0x000000000fc95000 	/System/Library/Frameworks/CoreAudio.framework/Versions/A/CoreAudio
0x000000000fc95000 	/System/Library/Frameworks/DiskArbitration.framework/Versions/A/DiskArbitration
0x000000000fc95000 	/usr/lib/liblangid.dylib
0x000000000fc95000 	/System/Library/PrivateFrameworks/MultitouchSupport.framework/Versions/A/MultitouchSupport
0x000000000fc95000 	/System/Library/Frameworks/IOKit.framework/Versions/A/IOKit
0x000000000fc95000 	/usr/lib/libDiagnosticMessagesClient.dylib
0x000000000fc95000 	/System/Library/Frameworks/CoreServices.framework/Versions/A/CoreServices
0x000000000fc95000 	/System/Library/PrivateFrameworks/PerformanceAnalysis.framework/Versions/A/PerformanceAnalysis
0x000000000fc95000 	/System/Library/Frameworks/OpenGL.framework/Versions/A/OpenGL
0x000000000fc95000 	/System/Library/Frameworks/ColorSync.framework/Versions/A/ColorSync
0x000000000fc95000 	/System/Library/Frameworks/CoreImage.framework/Versions/A/CoreImage
0x000000000fc95000 	/System/Library/Frameworks/CoreText.framework/Versions/A/CoreText
0x000000000fc95000 	/System/Library/Frameworks/ImageIO.framework/Versions/A/ImageIO
0x000000000fc95000 	/System/Library/PrivateFrameworks/Backup.framework/Versions/A/Backup
0x000000000fc95000 	/usr/lib/libarchive.2.dylib
0x000000000fc95000 	/System/Library/Frameworks/CFNetwork.framework/Versions/A/CFNetwork
0x000000000fc95000 	/System/Library/Frameworks/SystemConfiguration.framework/Versions/A/SystemConfiguration
0x000000000fc95000 	/usr/lib/libCRFSuite.dylib
0x000000000fc95000 	/usr/lib/libc++.1.dylib
0x000000000fc95000 	/usr/lib/libc++abi.dylib
0x000000000fc95000 	/usr/lib/system/libcache.dylib
0x000000000fc95000 	/usr/lib/system/libcommonCrypto.dylib
0x000000000fc95000 	/usr/lib/system/libcompiler_rt.dylib
0x000000000fc95000 	/usr/lib/system/libcopyfile.dylib
0x000000000fc95000 	/usr/lib/system/libcorecrypto.dylib
0x000000000fc95000 	/usr/lib/system/libdispatch.dylib
0x000000000fc95000 	/usr/lib/system/libdyld.dylib
0x000000000fc95000 	/usr/lib/system/libkeymgr.dylib
0x000000000fc95000 	/usr/lib/system/liblaunch.dylib
0x000000000fc95000 	/usr/lib/system/libmacho.dylib
0x000000000fc95000 	/usr/lib/system/libquarantine.dylib
0x000000000fc95000 	/usr/lib/system/libremovefile.dylib
0x000000000fc95000 	/usr/lib/system/libsystem_asl.dylib
0x000000000fc95000 	/usr/lib/system/libsystem_blocks.dylib
0x000000000fc95000 	/usr/lib/system/libsystem_c.dylib
0x000000000fc95000 	/usr/lib/system/libsystem_configuration.dylib
0x000000000fc95000 	/usr/lib/system/libsystem_coreservices.dylib
0x000000000fc95000 	/usr/lib/system/libsystem_darwin.dylib
0x000000000fc95000 	/usr/lib/system/libsystem_dnssd.dylib
0x000000000fc95000 	/usr/lib/system/libsystem_info.dylib
0x000000000fc95000 	/usr/lib/system/libsystem_m.dylib
0x000000000fc95000 	/usr/lib/system/libsystem_malloc.dylib
0x000000000fc95000 	/usr/lib/system/libsystem_networkextension.dylib
0x000000000fc95000 	/usr/lib/system/libsystem_notify.dylib
0x000000000fc95000 	/usr/lib/system/libsystem_sandbox.dylib
0x000000000fc95000 	/usr/lib/system/libsystem_secinit.dylib
0x000000000fc95000 	/usr/lib/system/libsystem_kernel.dylib
0x000000000fc95000 	/usr/lib/system/libsystem_platform.dylib
0x000000000fc95000 	/usr/lib/system/libsystem_pthread.dylib
0x000000000fc95000 	/usr/lib/system/libsystem_symptoms.dylib
0x000000000fc95000 	/usr/lib/system/libsystem_trace.dylib
0x000000000fc95000 	/usr/lib/system/libunwind.dylib
0x000000000fc95000 	/usr/lib/system/libxpc.dylib
0x000000000fc95000 	/usr/lib/libbsm.0.dylib
0x000000000fc95000 	/usr/lib/system/libkxld.dylib
0x000000000fc95000 	/System/Library/PrivateFrameworks/AppleFSCompression.framework/Versions/A/AppleFSCompression
0x000000000fc95000 	/usr/lib/libOpenScriptingUtil.dylib
0x000000000fc95000 	/usr/lib/libcoretls.dylib
0x000000000fc95000 	/usr/lib/libcoretls_cfhelpers.dylib
0x000000000fc95000 	/usr/lib/libpam.2.dylib
0x000000000fc95000 	/usr/lib/libsqlite3.dylib
0x000000000fc95000 	/usr/lib/libxar.1.dylib
0x000000000fc95000 	/usr/lib/libbz2.1.0.dylib
0x000000000fc95000 	/usr/lib/liblzma.5.dylib
0x000000000fc95000 	/usr/lib/libnetwork.dylib
0x000000000fc95000 	/usr/lib/libapple_nghttp2.dylib
0x000000000fc95000 	/usr/lib/libpcap.A.dylib
0x000000000fc95000 	/System/Library/Frameworks/CoreServices.framework/Versions/A/Frameworks/FSEvents.framework/Versions/A/FSEvents
0x000000000fc95000 	/System/Library/Frameworks/CoreServices.framework/Versions/A/Frameworks/CarbonCore.framework/Versions/A/CarbonCore
0x000000000fc95000 	/System/Library/Frameworks/CoreServices.framework/Versions/A/Frameworks/Metadata.framework/Versions/A/Metadata
0x000000000fc95000 	/System/Library/Frameworks/CoreServices.framework/Versions/A/Frameworks/OSServices.framework/Versions/A/OSServices
0x000000000fc95000 	/System/Library/Frameworks/CoreServices.framework/Versions/A/Frameworks/SearchKit.framework/Versions/A/SearchKit
0x000000000fc95000 	/System/Library/Frameworks/CoreServices.framework/Versions/A/Frameworks/AE.framework/Versions/A/AE
0x000000000fc95000 	/System/Library/Frameworks/CoreServices.framework/Versions/A/Frameworks/LaunchServices.framework/Versions/A/LaunchServices
0x000000000fc95000 	/System/Library/Frameworks/CoreServices.framework/Versions/A/Frameworks/DictionaryServices.framework/Versions/A/DictionaryServices
0x000000000fc95000 	/System/Library/Frameworks/CoreServices.framework/Versions/A/Frameworks/SharedFileList.framework/Versions/A/SharedFileList
0x000000000fc95000 	/System/Library/Frameworks/NetFS.framework/Versions/A/NetFS
0x000000000fc95000 	/System/Library/PrivateFrameworks/NetAuth.framework/Versions/A/NetAuth
0x000000000fc95000 	/System/Library/PrivateFrameworks/login.framework/Versions/A/Frameworks/loginsupport.framework/Versions/A/loginsupport
0x000000000fc95000 	/System/Library/PrivateFrameworks/TCC.framework/Versions/A/TCC
0x000000000fc95000 	/System/Library/PrivateFrameworks/CoreNLP.framework/Versions/A/CoreNLP
0x000000000fc95000 	/System/Library/PrivateFrameworks/MetadataUtilities.framework/Versions/A/MetadataUtilities
0x000000000fc95000 	/usr/lib/libmecabra.dylib
0x000000000fc95000 	/System/Library/Frameworks/ApplicationServices.framework/Versions/A/Frameworks/ATS.framework/Versions/A/ATS
0x000000000fc95000 	/System/Library/Frameworks/ApplicationServices.framework/Versions/A/Frameworks/ColorSyncLegacy.framework/Versions/A/ColorSyncLegacy
0x000000000fc95000 	/System/Library/Frameworks/ApplicationServices.framework/Versions/A/Frameworks/HIServices.framework/Versions/A/HIServices
0x000000000fc95000 	/System/Library/Frameworks/ApplicationServices.framework/Versions/A/Frameworks/LangAnalysis.framework/Versions/A/LangAnalysis
0x000000000fc95000 	/System/Library/Frameworks/ApplicationServices.framework/Versions/A/Frameworks/PrintCore.framework/Versions/A/PrintCore
0x000000000fc95000 	/System/Library/Frameworks/ApplicationServices.framework/Versions/A/Frameworks/QD.framework/Versions/A/QD
0x000000000fc95000 	/System/Library/Frameworks/ApplicationServices.framework/Versions/A/Frameworks/SpeechSynthesis.framework/Versions/A/SpeechSynthesis
0x000000000fc95000 	/usr/lib/libcompression.dylib
0x000000000fc95000 	/System/Library/Frameworks/CoreDisplay.framework/Versions/A/CoreDisplay
0x000000000fc95000 	/System/Library/Frameworks/MetalPerformanceShaders.framework/Versions/A/MetalPerformanceShaders
0x000000000fc95000 	/System/Library/Frameworks/Accelerate.framework/Versions/A/Frameworks/vImage.framework/Versions/A/vImage
0x000000000fc95000 	/System/Library/Frameworks/Accelerate.framework/Versions/A/Frameworks/vecLib.framework/Versions/A/vecLib
0x000000000fc95000 	/System/Library/Frameworks/Accelerate.framework/Versions/A/Frameworks/vecLib.framework/Versions/A/libvMisc.dylib
0x000000000fc95000 	/System/Library/Frameworks/Accelerate.framework/Versions/A/Frameworks/vecLib.framework/Versions/A/libvDSP.dylib
0x000000000fc95000 	/System/Library/Frameworks/Accelerate.framework/Versions/A/Frameworks/vecLib.framework/Versions/A/libBLAS.dylib
0x000000000fc95000 	/System/Library/Frameworks/Accelerate.framework/Versions/A/Frameworks/vecLib.framework/Versions/A/libLAPACK.dylib
0x000000000fc95000 	/System/Library/Frameworks/Accelerate.framework/Versions/A/Frameworks/vecLib.framework/Versions/A/libLinearAlgebra.dylib
0x000000000fc95000 	/System/Library/Frameworks/Accelerate.framework/Versions/A/Frameworks/vecLib.framework/Versions/A/libSparseBLAS.dylib
0x000000000fc95000 	/System/Library/Frameworks/Accelerate.framework/Versions/A/Frameworks/vecLib.framework/Versions/A/libQuadrature.dylib
0x000000000fc95000 	/System/Library/Frameworks/Accelerate.framework/Versions/A/Frameworks/vecLib.framework/Versions/A/libBNNS.dylib
0x000000000fc95000 	/System/Library/Frameworks/Accelerate.framework/Versions/A/Frameworks/vecLib.framework/Versions/A/libSparse.dylib
0x000000000fc95000 	/System/Library/PrivateFrameworks/GPUWrangler.framework/Versions/A/GPUWrangler
0x000000000fc95000 	/System/Library/PrivateFrameworks/IOAccelerator.framework/Versions/A/IOAccelerator
0x000000000fc95000 	/System/Library/PrivateFrameworks/IOPresentment.framework/Versions/A/IOPresentment
0x000000000fc95000 	/System/Library/PrivateFrameworks/DSExternalDisplay.framework/Versions/A/DSExternalDisplay
0x000000000fc95000 	/System/Library/Frameworks/OpenGL.framework/Versions/A/Libraries/libCoreFSCache.dylib
0x000000000fc95000 	/System/Library/Frameworks/MetalPerformanceShaders.framework/Frameworks/MPSCore.framework/Versions/A/MPSCore
0x000000000fc95000 	/System/Library/Frameworks/MetalPerformanceShaders.framework/Frameworks/MPSImage.framework/Versions/A/MPSImage
0x000000000fc95000 	/System/Library/Frameworks/MetalPerformanceShaders.framework/Frameworks/MPSNeuralNetwork.framework/Versions/A/MPSNeuralNetwork
0x000000000fc95000 	/System/Library/Frameworks/MetalPerformanceShaders.framework/Frameworks/MPSMatrix.framework/Versions/A/MPSMatrix
0x000000000fc95000 	/System/Library/Frameworks/MetalPerformanceShaders.framework/Frameworks/MPSRayIntersector.framework/Versions/A/MPSRayIntersector
0x000000000fc95000 	/System/Library/PrivateFrameworks/MetalTools.framework/Versions/A/MetalTools
0x000000000fc95000 	/System/Library/PrivateFrameworks/AggregateDictionary.framework/Versions/A/AggregateDictionary
0x000000000fc95000 	/usr/lib/libMobileGestalt.dylib
0x000000000fc95000 	/System/Library/Frameworks/CoreVideo.framework/Versions/A/CoreVideo
0x000000000fc95000 	/System/Library/PrivateFrameworks/GraphVisualizer.framework/Versions/A/GraphVisualizer
0x000000000fc95000 	/System/Library/PrivateFrameworks/FaceCore.framework/Versions/A/FaceCore
0x000000000fc95000 	/System/Library/Frameworks/OpenCL.framework/Versions/A/OpenCL
0x000000000fc95000 	/usr/lib/libFosl_dynamic.dylib
0x000000000fc95000 	/System/Library/PrivateFrameworks/OTSVG.framework/Versions/A/OTSVG
0x000000000fc95000 	/System/Library/Frameworks/ApplicationServices.framework/Versions/A/Frameworks/ATS.framework/Versions/A/Resources/libFontParser.dylib
0x000000000fc95000 	/System/Library/Frameworks/ApplicationServices.framework/Versions/A/Frameworks/ATS.framework/Versions/A/Resources/libFontRegistry.dylib
0x000000000fc95000 	/System/Library/Frameworks/ImageIO.framework/Versions/A/Resources/libJPEG.dylib
0x000000000fc95000 	/System/Library/Frameworks/ImageIO.framework/Versions/A/Resources/libTIFF.dylib
0x000000000fc95000 	/System/Library/Frameworks/ImageIO.framework/Versions/A/Resources/libPng.dylib
0x000000000fc95000 	/System/Library/Frameworks/ImageIO.framework/Versions/A/Resources/libGIF.dylib
0x000000000fc95000 	/System/Library/Frameworks/ImageIO.framework/Versions/A/Resources/libJP2.dylib
0x000000000fc95000 	/System/Library/Frameworks/ImageIO.framework/Versions/A/Resources/libRadiance.dylib
0x000000000fc95000 	/System/Library/PrivateFrameworks/AppleJPEG.framework/Versions/A/AppleJPEG
0x000000000fc95000 	/System/Library/Frameworks/OpenGL.framework/Versions/A/Libraries/libGFXShared.dylib
0x000000000fc95000 	/System/Library/Frameworks/OpenGL.framework/Versions/A/Libraries/libGLU.dylib
0x000000000fc95000 	/System/Library/Frameworks/OpenGL.framework/Versions/A/Libraries/libGL.dylib
0x000000000fc95000 	/System/Library/Frameworks/OpenGL.framework/Versions/A/Libraries/libGLImage.dylib
0x000000000fc95000 	/System/Library/Frameworks/OpenGL.framework/Versions/A/Libraries/libCVMSPluginSupport.dylib
0x000000000fc95000 	/System/Library/Frameworks/OpenGL.framework/Versions/A/Libraries/libCoreVMClient.dylib
0x000000000fc95000 	/usr/lib/libcups.2.dylib
0x000000000fc95000 	/System/Library/Frameworks/Kerberos.framework/Versions/A/Kerberos
0x000000000fc95000 	/System/Library/Frameworks/GSS.framework/Versions/A/GSS
0x000000000fc95000 	/usr/lib/libresolv.9.dylib
0x000000000fc95000 	/usr/lib/libiconv.2.dylib
0x000000000fc95000 	/System/Library/PrivateFrameworks/Heimdal.framework/Versions/A/Heimdal
0x000000000fc95000 	/usr/lib/libheimdal-asn1.dylib
0x000000000fc95000 	/System/Library/Frameworks/OpenDirectory.framework/Versions/A/OpenDirectory
0x000000000fc95000 	/System/Library/PrivateFrameworks/CommonAuth.framework/Versions/A/CommonAuth
0x000000000fc95000 	/System/Library/Frameworks/OpenDirectory.framework/Versions/A/Frameworks/CFOpenDirectory.framework/Versions/A/CFOpenDirectory
0x000000000fc95000 	/System/Library/Frameworks/SecurityFoundation.framework/Versions/A/SecurityFoundation
0x000000000fc95000 	/System/Library/PrivateFrameworks/APFS.framework/Versions/A/APFS
0x000000000fc95000 	/usr/lib/libutil.dylib
0x000000000fc95000 	/usr/lib/libcharset.1.dylib
0x000000000fc95000 	/System/Library/PrivateFrameworks/AppleSauce.framework/Versions/A/AppleSauce
0x000000000fc95000 	/System/Library/PrivateFrameworks/AssertionServices.framework/Versions/A/AssertionServices
0x000000000fc95000 	/System/Library/PrivateFrameworks/BaseBoard.framework/Versions/A/BaseBoard
0x000000000fc95000 	/usr/lib/libmecab.1.0.0.dylib
0x000000000fc95000 	/usr/lib/libgermantok.dylib
0x000000000fc95000 	/usr/lib/libThaiTokenizer.dylib
0x000000000fc95000 	/usr/lib/libChineseTokenizer.dylib
0x000000000fc95000 	/System/Library/PrivateFrameworks/LanguageModeling.framework/Versions/A/LanguageModeling
0x000000000fc95000 	/System/Library/PrivateFrameworks/CoreEmoji.framework/Versions/A/CoreEmoji
0x000000000fc95000 	/System/Library/PrivateFrameworks/Lexicon.framework/Versions/A/Lexicon
0x000000000fc95000 	/System/Library/PrivateFrameworks/LinguisticData.framework/Versions/A/LinguisticData
0x000000000fc95000 	/usr/lib/libcmph.dylib
0x000000000fc95000 	/System/Library/Frameworks/ServiceManagement.framework/Versions/A/ServiceManagement
0x000000000fc95000 	/System/Library/PrivateFrameworks/BackgroundTaskManagement.framework/Versions/A/BackgroundTaskManagement
0x000000000fc95000 	/usr/lib/libxslt.1.dylib
0x000000000fc95000 	/System/Library/Frameworks/Carbon.framework/Versions/A/Frameworks/Ink.framework/Versions/A/Ink
0x000000000fc95000 	/System/Library/PrivateFrameworks/TextureIO.framework/Versions/A/TextureIO
0x000000000fc95000 	/usr/lib/libate.dylib
0x000000000fc95000 	/System/Library/PrivateFrameworks/CrashReporterSupport.framework/Versions/A/CrashReporterSupport
0x000000000fc95000 	/System/Library/PrivateFrameworks/Sharing.framework/Versions/A/Sharing
0x000000000fc95000 	/System/Library/PrivateFrameworks/AuthKit.framework/Versions/A/AuthKit
0x000000000fc95000 	/System/Library/PrivateFrameworks/Apple80211.framework/Versions/A/Apple80211
0x000000000fc95000 	/System/Library/PrivateFrameworks/CoreUtils.framework/Versions/A/CoreUtils
0x000000000fc95000 	/System/Library/Frameworks/CoreWLAN.framework/Versions/A/CoreWLAN
0x000000000fc95000 	/System/Library/Frameworks/IOBluetooth.framework/Versions/A/IOBluetooth
0x000000000fc95000 	/System/Library/PrivateFrameworks/ProtocolBuffer.framework/Versions/A/ProtocolBuffer
0x000000000fc95000 	/System/Library/PrivateFrameworks/MobileKeyBag.framework/Versions/A/MobileKeyBag
0x000000000fc95000 	/System/Library/PrivateFrameworks/CorePhoneNumbers.framework/Versions/A/CorePhoneNumbers
0x000000000fc95000 	/System/Library/PrivateFrameworks/AppleIDAuthSupport.framework/Versions/A/AppleIDAuthSupport
0x000000000fc95000 	/System/Library/PrivateFrameworks/KeychainCircle.framework/Versions/A/KeychainCircle
0x000000000fc95000 	/System/Library/PrivateFrameworks/ROCKit.framework/Versions/A/ROCKit
0x000000000fc95000 	/System/Library/PrivateFrameworks/CoreWiFi.framework/Versions/A/CoreWiFi
0x000000000fc95000 	/System/Library/Frameworks/CoreBluetooth.framework/Versions/A/CoreBluetooth
0x000000000fc95000 	/System/Library/PrivateFrameworks/DebugSymbols.framework/Versions/A/DebugSymbols
0x000000000fc95000 	/System/Library/PrivateFrameworks/CoreSymbolication.framework/Versions/A/CoreSymbolication
0x000000000fc95000 	/System/Library/PrivateFrameworks/Symbolication.framework/Versions/A/Symbolication
0x000000000fc95000 	/System/Library/PrivateFrameworks/SpeechRecognitionCore.framework/Versions/A/SpeechRecognitionCore
0x0000000109a5f000 	/Library/Java/JavaVirtualMachines/jdk1.8.0_101.jdk/Contents/Home/jre/lib/server/libjvm.dylib
0x000000000fc95000 	/usr/lib/libstdc++.6.dylib
0x0000000107c51000 	/Library/Java/JavaVirtualMachines/jdk1.8.0_101.jdk/Contents/Home/jre/lib/libverify.dylib
0x0000000107c5f000 	/Library/Java/JavaVirtualMachines/jdk1.8.0_101.jdk/Contents/Home/jre/lib/libjava.dylib
0x0000000107c95000 	/Library/Java/JavaVirtualMachines/jdk1.8.0_101.jdk/Contents/Home/jre/lib/libjdwp.dylib
0x0000000107ce0000 	/Library/Java/JavaVirtualMachines/jdk1.8.0_101.jdk/Contents/Home/jre/lib/libnpt.dylib
0x0000000107d2d000 	/Library/Java/JavaVirtualMachines/jdk1.8.0_101.jdk/Contents/Home/jre/lib/libzip.dylib
0x000000000fc95000 	/System/Library/Frameworks/JavaVM.framework/Versions/A/Frameworks/JavaRuntimeSupport.framework/Versions/A/JavaRuntimeSupport
0x000000000fc95000 	/System/Library/Frameworks/JavaVM.framework/Versions/A/Frameworks/JavaNativeFoundation.framework/Versions/A/JavaNativeFoundation
0x000000000fc95000 	/System/Library/Frameworks/JavaVM.framework/Versions/A/JavaVM
0x000000000fc95000 	/System/Library/Frameworks/Carbon.framework/Versions/A/Carbon
0x000000000fc95000 	/System/Library/PrivateFrameworks/JavaLaunching.framework/Versions/A/JavaLaunching
0x000000000fc95000 	/System/Library/Frameworks/Carbon.framework/Versions/A/Frameworks/CommonPanels.framework/Versions/A/CommonPanels
0x000000000fc95000 	/System/Library/Frameworks/Carbon.framework/Versions/A/Frameworks/Help.framework/Versions/A/Help
0x000000000fc95000 	/System/Library/Frameworks/Carbon.framework/Versions/A/Frameworks/ImageCapture.framework/Versions/A/ImageCapture
0x000000000fc95000 	/System/Library/Frameworks/Carbon.framework/Versions/A/Frameworks/OpenScripting.framework/Versions/A/OpenScripting
0x000000000fc95000 	/System/Library/Frameworks/Carbon.framework/Versions/A/Frameworks/Print.framework/Versions/A/Print
0x000000000fc95000 	/System/Library/Frameworks/Carbon.framework/Versions/A/Frameworks/SecurityHI.framework/Versions/A/SecurityHI
0x0000000109974000 	/Library/Java/JavaVirtualMachines/jdk1.8.0_101.jdk/Contents/Home/jre/lib/libdt_socket.dylib
0x0000000126d9f000 	/Library/Java/JavaVirtualMachines/jdk1.8.0_101.jdk/Contents/Home/jre/lib/libmanagement.dylib
0x0000000126dad000 	/Library/Java/JavaVirtualMachines/jdk1.8.0_101.jdk/Contents/Home/jre/lib/libnet.dylib
0x0000000126f36000 	/Library/Java/JavaVirtualMachines/jdk1.8.0_101.jdk/Contents/Home/jre/lib/libnio.dylib
0x0000000126d24000 	/Library/Java/JavaVirtualMachines/jdk1.8.0_101.jdk/Contents/Home/jre/lib/libsunec.dylib

VM Arguments:
jvm_args: -agentlib:jdwp=transport=dt_socket,suspend=y,address=localhost:62684 -Dfile.encoding=UTF-8 -Xbootclasspath:/Library/Java/JavaVirtualMachines/jdk1.8.0_101.jdk/Contents/Home/jre/lib/resources.jar:/Library/Java/JavaVirtualMachines/jdk1.8.0_101.jdk/Contents/Home/jre/lib/rt.jar:/Library/Java/JavaVirtualMachines/jdk1.8.0_101.jdk/Contents/Home/jre/lib/jsse.jar:/Library/Java/JavaVirtualMachines/jdk1.8.0_101.jdk/Contents/Home/jre/lib/jce.jar:/Library/Java/JavaVirtualMachines/jdk1.8.0_101.jdk/Contents/Home/jre/lib/charsets.jar:/Library/Java/JavaVirtualMachines/jdk1.8.0_101.jdk/Contents/Home/jre/lib/jfr.jar:/Users/mahingasingh/Downloads/lombok.jar:/Users/mahingasingh/Downloads/lombok.jar 
java_command: com.maxxsoft.MaxxsoftApplication
java_class_path (initial): /Users/mahingasingh/Documents/Repositories/MSBitbucket/ms_backend/maxxsoft/bin/main:/Users/mahingasingh/.gradle/caches/modules-2/files-2.1/mysql/mysql-connector-java/8.0.16/6088b7a25188ab4b3ab865422a8ec77ade29236/mysql-connector-java-8.0.16.jar:/Users/mahingasingh/.gradle/caches/modules-2/files-2.1/io.jsonwebtoken/jjwt/0.9.1/54d2abfc3e63a28824d35bf600d6a5d627da681a/jjwt-0.9.1.jar:/Users/mahingasingh/.gradle/caches/modules-2/files-2.1/io.springfox/springfox-swagger2/2.9.2/362676bc7f4c6f9f1d568741becab0dfc198c898/springfox-swagger2-2.9.2.jar:/Users/mahingasingh/.gradle/caches/modules-2/files-2.1/io.springfox/springfox-swagger-ui/2.9.2/d542382a88ff3ea8d4032c28b2b0325797fada7d/springfox-swagger-ui-2.9.2.jar:/Users/mahingasingh/.gradle/caches/modules-2/files-2.1/com.jimmoores/quandl-core/2.0.0/ee53a30c121efb67600ccdd906a5ae0ddb1e3dcf/quandl-core-2.0.0.jar:/Users/mahingasingh/.gradle/caches/modules-2/files-2.1/org.glassfish.jersey.inject/jersey-hk2/2.29/35c1ce429c88422c871732155aebde3c363b40e3/jersey-hk2-2.29.jar:/Users/mahingasingh/.gradle/caches/modules-2/files-2.1/org.glassfish.jersey.core/jersey-client/2.27/66dd6a62a981c0f186d96048fe11e9ddeca3ae28/jersey-client-2.27.jar:/Users/mahingasingh/.gradle/caches/modules-2/files-2.1/org.glassfish.jersey.core/jersey-common/2.29/24af4e6e411ffaec4ec1d85aff433ca0ed60bb5a/jersey-common-2.29.jar:/Users/mahingasingh/.gradle/caches/modules-2/files-2.1/net.sourceforge.javacsv/javacsv/2.0/8092b1ba2d4929f2ec27e58cd240502afdd6a9a7/javacsv-2.0.jar:/Users/mahingasingh/.gradle/caches/modules-2/files-2.1/org.springframework.boot/spring-boot-starter-batch/2.1.6.RELEASE/8ea2d5b491284e43bfeeef679f48be206ef082fa/spring-boot-starter-batch-2.1.6.RELEASE.jar:/Users/mahingasingh/.gradle/caches/modules-2/files-2.1/org.springframework.batch/spring-batch-core/4.1.2.RELEASE/8e1651de32f0cc6401e7716f83cef86da41ec58b/spring-batch-core-4.1.2.RELEASE.jar:/Users/mahingasingh/.gradle/caches/modules-2/files-2.1/org.springframework.ba
Launcher Type: SUN_STANDARD

Environment Variables:
PATH=/usr/bin:/bin:/usr/sbin:/sbin
SHELL=/bin/bash

Signal Handlers:
SIGSEGV: [libjvm.dylib+0x5af145], sa_mask[0]=11111111011111110111111111111111, sa_flags=SA_ONSTACK|SA_RESTART|SA_SIGINFO
SIGBUS: [libjvm.dylib+0x5af145], sa_mask[0]=11111111011111110111111111111111, sa_flags=SA_RESTART|SA_SIGINFO
SIGFPE: [libjvm.dylib+0x48694c], sa_mask[0]=11111111011111110111111111111111, sa_flags=SA_RESTART|SA_SIGINFO
SIGPIPE: [libjvm.dylib+0x48694c], sa_mask[0]=11111111011111110111111111111111, sa_flags=SA_RESTART|SA_SIGINFO
SIGXFSZ: [libjvm.dylib+0x48694c], sa_mask[0]=11111111011111110111111111111111, sa_flags=SA_RESTART|SA_SIGINFO
SIGILL: [libjvm.dylib+0x48694c], sa_mask[0]=11111111011111110111111111111111, sa_flags=SA_RESTART|SA_SIGINFO
SIGUSR1: SIG_DFL, sa_mask[0]=00000000000000000000000000000000, sa_flags=none
SIGUSR2: [libjvm.dylib+0x48646a], sa_mask[0]=00100000000000000000000000000000, sa_flags=SA_RESTART|SA_SIGINFO
SIGHUP: [libjvm.dylib+0x484a41], sa_mask[0]=11111111011111110111111111111111, sa_flags=SA_RESTART|SA_SIGINFO
SIGINT: [libjvm.dylib+0x484a41], sa_mask[0]=11111111011111110111111111111111, sa_flags=SA_RESTART|SA_SIGINFO
SIGTERM: [libjvm.dylib+0x484a41], sa_mask[0]=11111111011111110111111111111111, sa_flags=SA_RESTART|SA_SIGINFO
SIGQUIT: [libjvm.dylib+0x484a41], sa_mask[0]=11111111011111110111111111111111, sa_flags=SA_RESTART|SA_SIGINFO


---------------  S Y S T E M  ---------------

OS:Bsduname:Darwin 18.0.0 Darwin Kernel Version 18.0.0: Wed Aug 22 20:13:40 PDT 2018; root:xnu-4903.201.2~1/RELEASE_X86_64 x86_64
rlimit: STACK 8192k, CORE 0k, NPROC 1418, NOFILE 10240, AS infinity
load average:1.99 1.95 2.10

CPU:total 8 (4 cores per cpu, 2 threads per core) family 6 model 94 stepping 3, cmov, cx8, fxsr, mmx, sse, sse2, sse3, ssse3, sse4.1, sse4.2, popcnt, avx, avx2, aes, clmul, erms, rtm, 3dnowpref, lzcnt, ht, tsc, tscinvbit, bmi1, bmi2, adx

Memory: 4k page, physical 16777216k(138124k free)

/proc/meminfo:


vm_info: Java HotSpot(TM) 64-Bit Server VM (25.101-b13) for bsd-amd64 JRE (1.8.0_101-b13), built on Jun 22 2016 02:42:15 by "java_re" with gcc 4.2.1 (Based on Apple Inc. build 5658) (LLVM build 2336.11.00)

time: Tue Jul 28 13:07:42 2020
elapsed time: 2064 seconds (0d 0h 34m 24s)

